ssh: connect to host isiplmumdt180 port 22: No route to host
lost connection
  adding: home/intelliswift/tools/selenium/screenshots/dashboard_check_06_August_2019_afternoon/ (stored 0%)
  adding: home/intelliswift/tools/selenium/screenshots/dashboard_check_06_August_2019_afternoon/macyshome_crawl.png (deflated 12%)
  adding: home/intelliswift/tools/selenium/screenshots/dashboard_check_06_August_2019_afternoon/macys_import.png (deflated 4%)
  adding: home/intelliswift/tools/selenium/screenshots/dashboard_check_06_August_2019_afternoon/ruelala_us_import.png (deflated 5%)
  adding: home/intelliswift/tools/selenium/screenshots/dashboard_check_06_August_2019_afternoon/JCPenney_import.png (deflated 4%)
  adding: home/intelliswift/tools/selenium/screenshots/dashboard_check_06_August_2019_afternoon/barneyswarehouse_us_import.png (deflated 5%)
  adding: home/intelliswift/tools/selenium/screenshots/dashboard_check_06_August_2019_afternoon/Ssense_crawl.png (deflated 9%)
  adding: home/intelliswift/tools/selenium/screenshots/dashboard_check_06_August_2019_afternoon/bloomingdaleshome_import.png (deflated 5%)
  adding: home/intelliswift/tools/selenium/screenshots/dashboard_check_06_August_2019_afternoon/revolveclothing_crawl.png (deflated 11%)
  adding: home/intelliswift/tools/selenium/screenshots/dashboard_check_06_August_2019_afternoon/bloomingdaleshome_crawl.png (deflated 12%)
  adding: home/intelliswift/tools/selenium/screenshots/dashboard_check_06_August_2019_afternoon/yoox_import.png (deflated 5%)
  adding: home/intelliswift/tools/selenium/screenshots/dashboard_check_06_August_2019_afternoon/shopbop_import.png (deflated 5%)
  adding: home/intelliswift/tools/selenium/screenshots/dashboard_check_06_August_2019_afternoon/zappos_crawl.png (deflated 11%)
  adding: home/intelliswift/tools/selenium/screenshots/dashboard_check_06_August_2019_afternoon/barneys_crawl.png (deflated 6%)
  adding: home/intelliswift/tools/selenium/screenshots/dashboard_check_06_August_2019_afternoon/netaporter_import.png (deflated 6%)
  adding: home/intelliswift/tools/selenium/screenshots/dashboard_check_06_August_2019_afternoon/zappos_import.png (deflated 4%)
  adding: home/intelliswift/tools/selenium/screenshots/dashboard_check_06_August_2019_afternoon/bloomingdales_import.png (deflated 4%)
  adding: home/intelliswift/tools/selenium/screenshots/dashboard_check_06_August_2019_afternoon/lordandtaylor_crawl.png (deflated 8%)
  adding: home/intelliswift/tools/selenium/screenshots/dashboard_check_06_August_2019_afternoon/barneys_import.png (deflated 6%)
  adding: home/intelliswift/tools/selenium/screenshots/dashboard_check_06_August_2019_afternoon/nordstrom_crawl.png (deflated 10%)
  adding: home/intelliswift/tools/selenium/screenshots/dashboard_check_06_August_2019_afternoon/revolveclothing_import.png (deflated 4%)
  adding: home/intelliswift/tools/selenium/screenshots/dashboard_check_06_August_2019_afternoon/farfetch_crawl.png (deflated 7%)
  adding: home/intelliswift/tools/selenium/screenshots/dashboard_check_06_August_2019_afternoon/yoox_crawl.png (deflated 12%)
  adding: home/intelliswift/tools/selenium/screenshots/dashboard_check_06_August_2019_afternoon/Ssense_import.png (deflated 6%)
  adding: home/intelliswift/tools/selenium/screenshots/dashboard_check_06_August_2019_afternoon/netaporter_crawl.png (deflated 7%)
  adding: home/intelliswift/tools/selenium/screenshots/dashboard_check_06_August_2019_afternoon/macys_crawl.png (deflated 12%)
  adding: home/intelliswift/tools/selenium/screenshots/dashboard_check_06_August_2019_afternoon/JCPenney_crawl.png (deflated 10%)
  adding: home/intelliswift/tools/selenium/screenshots/dashboard_check_06_August_2019_afternoon/barneyswarehouse_us_crawl.png (deflated 9%)
  adding: home/intelliswift/tools/selenium/screenshots/dashboard_check_06_August_2019_afternoon/nordstrom_import.png (deflated 5%)
  adding: home/intelliswift/tools/selenium/screenshots/dashboard_check_06_August_2019_afternoon/macyshome_import.png (deflated 4%)
  adding: home/intelliswift/tools/selenium/screenshots/dashboard_check_06_August_2019_afternoon/nordstromrack_us_import.png (deflated 4%)
  adding: home/intelliswift/tools/selenium/screenshots/dashboard_check_06_August_2019_afternoon/bloomingdales_crawl.png (deflated 10%)
  adding: home/intelliswift/tools/selenium/screenshots/dashboard_check_06_August_2019_afternoon/shopbop_crawl.png (deflated 9%)
  adding: home/intelliswift/tools/selenium/screenshots/dashboard_check_06_August_2019_afternoon/jcpenney_home_import.png (deflated 5%)
  adding: home/intelliswift/tools/selenium/screenshots/dashboard_check_06_August_2019_afternoon/ruelala_us_crawl.png (deflated 6%)
  adding: home/intelliswift/tools/selenium/screenshots/dashboard_check_06_August_2019_afternoon/nordstromrack_us_crawl.png (deflated 12%)
  adding: home/intelliswift/tools/selenium/screenshots/dashboard_check_06_August_2019_afternoon/jcpenney_home_crawl.png (deflated 11%)
  adding: home/intelliswift/tools/selenium/screenshots/dashboard_check_06_August_2019_afternoon/lordandtaylor_import.png (deflated 5%)
  adding: home/intelliswift/tools/selenium/screenshots/dashboard_check_06_August_2019_afternoon/farfetch_import.png (deflated 4%)
  adding: home/intelliswift/tools/selenium/screenshots/dashboard_check_07_August_2019_afternoon/ (stored 0%)
  adding: home/intelliswift/tools/selenium/screenshots/dashboard_check_07_August_2019_afternoon/macyshome_crawl.png (deflated 10%)
  adding: home/intelliswift/tools/selenium/screenshots/dashboard_check_07_August_2019_afternoon/macys_import.png (deflated 4%)
  adding: home/intelliswift/tools/selenium/screenshots/dashboard_check_07_August_2019_afternoon/ruelala_us_import.png (deflated 5%)
  adding: home/intelliswift/tools/selenium/screenshots/dashboard_check_07_August_2019_afternoon/JCPenney_import.png (deflated 5%)
  adding: home/intelliswift/tools/selenium/screenshots/dashboard_check_07_August_2019_afternoon/barneyswarehouse_us_import.png (deflated 5%)
  adding: home/intelliswift/tools/selenium/screenshots/dashboard_check_07_August_2019_afternoon/Ssense_crawl.png (deflated 9%)
  adding: home/intelliswift/tools/selenium/screenshots/dashboard_check_07_August_2019_afternoon/bloomingdaleshome_import.png (deflated 4%)
  adding: home/intelliswift/tools/selenium/screenshots/dashboard_check_07_August_2019_afternoon/revolveclothing_crawl.png (deflated 10%)
  adding: home/intelliswift/tools/selenium/screenshots/dashboard_check_07_August_2019_afternoon/bloomingdaleshome_crawl.png (deflated 10%)
  adding: home/intelliswift/tools/selenium/screenshots/dashboard_check_07_August_2019_afternoon/yoox_import.png (deflated 5%)
  adding: home/intelliswift/tools/selenium/screenshots/dashboard_check_07_August_2019_afternoon/shopbop_import.png (deflated 6%)
  adding: home/intelliswift/tools/selenium/screenshots/dashboard_check_07_August_2019_afternoon/zappos_crawl.png (deflated 9%)
  adding: home/intelliswift/tools/selenium/screenshots/dashboard_check_07_August_2019_afternoon/barneys_crawl.png (deflated 6%)
  adding: home/intelliswift/tools/selenium/screenshots/dashboard_check_07_August_2019_afternoon/netaporter_import.png (deflated 6%)
  adding: home/intelliswift/tools/selenium/screenshots/dashboard_check_07_August_2019_afternoon/zappos_import.png (deflated 4%)
  adding: home/intelliswift/tools/selenium/screenshots/dashboard_check_07_August_2019_afternoon/bloomingdales_import.png (deflated 4%)
  adding: home/intelliswift/tools/selenium/screenshots/dashboard_check_07_August_2019_afternoon/lordandtaylor_crawl.png (deflated 7%)
  adding: home/intelliswift/tools/selenium/screenshots/dashboard_check_07_August_2019_afternoon/barneys_import.png (deflated 6%)
  adding: home/intelliswift/tools/selenium/screenshots/dashboard_check_07_August_2019_afternoon/nordstrom_crawl.png (deflated 8%)
  adding: home/intelliswift/tools/selenium/screenshots/dashboard_check_07_August_2019_afternoon/revolveclothing_import.png (deflated 4%)
  adding: home/intelliswift/tools/selenium/screenshots/dashboard_check_07_August_2019_afternoon/farfetch_crawl.png (deflated 6%)
  adding: home/intelliswift/tools/selenium/screenshots/dashboard_check_07_August_2019_afternoon/yoox_crawl.png (deflated 10%)
  adding: home/intelliswift/tools/selenium/screenshots/dashboard_check_07_August_2019_afternoon/Ssense_import.png (deflated 6%)
  adding: home/intelliswift/tools/selenium/screenshots/dashboard_check_07_August_2019_afternoon/netaporter_crawl.png (deflated 6%)
  adding: home/intelliswift/tools/selenium/screenshots/dashboard_check_07_August_2019_afternoon/macys_crawl.png (deflated 10%)
  adding: home/intelliswift/tools/selenium/screenshots/dashboard_check_07_August_2019_afternoon/JCPenney_crawl.png (deflated 9%)
  adding: home/intelliswift/tools/selenium/screenshots/dashboard_check_07_August_2019_afternoon/barneyswarehouse_us_crawl.png (deflated 7%)
  adding: home/intelliswift/tools/selenium/screenshots/dashboard_check_07_August_2019_afternoon/nordstrom_import.png (deflated 4%)
  adding: home/intelliswift/tools/selenium/screenshots/dashboard_check_07_August_2019_afternoon/macyshome_import.png (deflated 4%)
  adding: home/intelliswift/tools/selenium/screenshots/dashboard_check_07_August_2019_afternoon/nordstromrack_us_import.png (deflated 4%)
  adding: home/intelliswift/tools/selenium/screenshots/dashboard_check_07_August_2019_afternoon/bloomingdales_crawl.png (deflated 9%)
  adding: home/intelliswift/tools/selenium/screenshots/dashboard_check_07_August_2019_afternoon/shopbop_crawl.png (deflated 7%)
  adding: home/intelliswift/tools/selenium/screenshots/dashboard_check_07_August_2019_afternoon/jcpenney_home_import.png (deflated 5%)
  adding: home/intelliswift/tools/selenium/screenshots/dashboard_check_07_August_2019_afternoon/ruelala_us_crawl.png (deflated 6%)
  adding: home/intelliswift/tools/selenium/screenshots/dashboard_check_07_August_2019_afternoon/nordstromrack_us_crawl.png (deflated 11%)
  adding: home/intelliswift/tools/selenium/screenshots/dashboard_check_07_August_2019_afternoon/jcpenney_home_crawl.png (deflated 8%)
  adding: home/intelliswift/tools/selenium/screenshots/dashboard_check_07_August_2019_afternoon/lordandtaylor_import.png (deflated 6%)
  adding: home/intelliswift/tools/selenium/screenshots/dashboard_check_07_August_2019_afternoon/farfetch_import.png (deflated 4%)
  adding: home/intelliswift/tools/selenium/screenshots/dashboard_check_08_August_2019_afternoon/ (stored 0%)
  adding: home/intelliswift/tools/selenium/screenshots/dashboard_check_08_August_2019_afternoon/macyshome_crawl.png (deflated 10%)
  adding: home/intelliswift/tools/selenium/screenshots/dashboard_check_08_August_2019_afternoon/macys_import.png (deflated 5%)
  adding: home/intelliswift/tools/selenium/screenshots/dashboard_check_08_August_2019_afternoon/ruelala_us_import.png (deflated 5%)
  adding: home/intelliswift/tools/selenium/screenshots/dashboard_check_08_August_2019_afternoon/JCPenney_import.png (deflated 5%)
  adding: home/intelliswift/tools/selenium/screenshots/dashboard_check_08_August_2019_afternoon/barneyswarehouse_us_import.png (deflated 5%)
  adding: home/intelliswift/tools/selenium/screenshots/dashboard_check_08_August_2019_afternoon/Ssense_crawl.png (deflated 8%)
  adding: home/intelliswift/tools/selenium/screenshots/dashboard_check_08_August_2019_afternoon/bloomingdaleshome_import.png (deflated 4%)
  adding: home/intelliswift/tools/selenium/screenshots/dashboard_check_08_August_2019_afternoon/revolveclothing_crawl.png (deflated 10%)
  adding: home/intelliswift/tools/selenium/screenshots/dashboard_check_08_August_2019_afternoon/bloomingdaleshome_crawl.png (deflated 10%)
  adding: home/intelliswift/tools/selenium/screenshots/dashboard_check_08_August_2019_afternoon/yoox_import.png (deflated 5%)
  adding: home/intelliswift/tools/selenium/screenshots/dashboard_check_08_August_2019_afternoon/shopbop_import.png (deflated 5%)
  adding: home/intelliswift/tools/selenium/screenshots/dashboard_check_08_August_2019_afternoon/zappos_crawl.png (deflated 9%)
  adding: home/intelliswift/tools/selenium/screenshots/dashboard_check_08_August_2019_afternoon/barneys_crawl.png (deflated 6%)
  adding: home/intelliswift/tools/selenium/screenshots/dashboard_check_08_August_2019_afternoon/netaporter_import.png (deflated 6%)
  adding: home/intelliswift/tools/selenium/screenshots/dashboard_check_08_August_2019_afternoon/zappos_import.png (deflated 5%)
  adding: home/intelliswift/tools/selenium/screenshots/dashboard_check_08_August_2019_afternoon/bloomingdales_import.png (deflated 4%)
  adding: home/intelliswift/tools/selenium/screenshots/dashboard_check_08_August_2019_afternoon/lordandtaylor_crawl.png (deflated 6%)
  adding: home/intelliswift/tools/selenium/screenshots/dashboard_check_08_August_2019_afternoon/barneys_import.png (deflated 6%)
  adding: home/intelliswift/tools/selenium/screenshots/dashboard_check_08_August_2019_afternoon/nordstrom_crawl.png (deflated 9%)
  adding: home/intelliswift/tools/selenium/screenshots/dashboard_check_08_August_2019_afternoon/revolveclothing_import.png (deflated 4%)
  adding: home/intelliswift/tools/selenium/screenshots/dashboard_check_08_August_2019_afternoon/farfetch_crawl.png (deflated 6%)
  adding: home/intelliswift/tools/selenium/screenshots/dashboard_check_08_August_2019_afternoon/yoox_crawl.png (deflated 10%)
  adding: home/intelliswift/tools/selenium/screenshots/dashboard_check_08_August_2019_afternoon/Ssense_import.png (deflated 5%)
  adding: home/intelliswift/tools/selenium/screenshots/dashboard_check_08_August_2019_afternoon/netaporter_crawl.png (deflated 5%)
  adding: home/intelliswift/tools/selenium/screenshots/dashboard_check_08_August_2019_afternoon/macys_crawl.png (deflated 10%)
  adding: home/intelliswift/tools/selenium/screenshots/dashboard_check_08_August_2019_afternoon/JCPenney_crawl.png (deflated 7%)
  adding: home/intelliswift/tools/selenium/screenshots/dashboard_check_08_August_2019_afternoon/barneyswarehouse_us_crawl.png (deflated 6%)
  adding: home/intelliswift/tools/selenium/screenshots/dashboard_check_08_August_2019_afternoon/nordstrom_import.png (deflated 5%)
  adding: home/intelliswift/tools/selenium/screenshots/dashboard_check_08_August_2019_afternoon/macyshome_import.png (deflated 4%)
  adding: home/intelliswift/tools/selenium/screenshots/dashboard_check_08_August_2019_afternoon/nordstromrack_us_import.png (deflated 5%)
  adding: home/intelliswift/tools/selenium/screenshots/dashboard_check_08_August_2019_afternoon/bloomingdales_crawl.png (deflated 9%)
  adding: home/intelliswift/tools/selenium/screenshots/dashboard_check_08_August_2019_afternoon/shopbop_crawl.png (deflated 7%)
  adding: home/intelliswift/tools/selenium/screenshots/dashboard_check_08_August_2019_afternoon/jcpenney_home_import.png (deflated 5%)
  adding: home/intelliswift/tools/selenium/screenshots/dashboard_check_08_August_2019_afternoon/ruelala_us_crawl.png (deflated 5%)
  adding: home/intelliswift/tools/selenium/screenshots/dashboard_check_08_August_2019_afternoon/nordstromrack_us_crawl.png (deflated 11%)
  adding: home/intelliswift/tools/selenium/screenshots/dashboard_check_08_August_2019_afternoon/jcpenney_home_crawl.png (deflated 8%)
  adding: home/intelliswift/tools/selenium/screenshots/dashboard_check_08_August_2019_afternoon/lordandtaylor_import.png (deflated 6%)
  adding: home/intelliswift/tools/selenium/screenshots/dashboard_check_08_August_2019_afternoon/farfetch_import.png (deflated 5%)
Traceback (most recent call last):
  File "/home/intelliswift/tools/selenium/dcheck.py", line 171, in <module>
    s.sendmail(fromaddr, toaddr2, text)
NameError: name 'toaddr2' is not defined
  adding: home/intelliswift/tools/selenium/screenshots/dashboard_check_09_August_2019_afternoon/ (stored 0%)
  adding: home/intelliswift/tools/selenium/screenshots/dashboard_check_09_August_2019_afternoon/macyshome_crawl.png (deflated 9%)
  adding: home/intelliswift/tools/selenium/screenshots/dashboard_check_09_August_2019_afternoon/macys_import.png (deflated 4%)
  adding: home/intelliswift/tools/selenium/screenshots/dashboard_check_09_August_2019_afternoon/ruelala_us_import.png (deflated 5%)
  adding: home/intelliswift/tools/selenium/screenshots/dashboard_check_09_August_2019_afternoon/JCPenney_import.png (deflated 5%)
  adding: home/intelliswift/tools/selenium/screenshots/dashboard_check_09_August_2019_afternoon/barneyswarehouse_us_import.png (deflated 6%)
  adding: home/intelliswift/tools/selenium/screenshots/dashboard_check_09_August_2019_afternoon/Ssense_crawl.png (deflated 6%)
  adding: home/intelliswift/tools/selenium/screenshots/dashboard_check_09_August_2019_afternoon/bloomingdaleshome_import.png (deflated 4%)
  adding: home/intelliswift/tools/selenium/screenshots/dashboard_check_09_August_2019_afternoon/revolveclothing_crawl.png (deflated 9%)
  adding: home/intelliswift/tools/selenium/screenshots/dashboard_check_09_August_2019_afternoon/bloomingdaleshome_crawl.png (deflated 9%)
  adding: home/intelliswift/tools/selenium/screenshots/dashboard_check_09_August_2019_afternoon/yoox_import.png (deflated 5%)
  adding: home/intelliswift/tools/selenium/screenshots/dashboard_check_09_August_2019_afternoon/shopbop_import.png (deflated 5%)
  adding: home/intelliswift/tools/selenium/screenshots/dashboard_check_09_August_2019_afternoon/zappos_crawl.png (deflated 8%)
  adding: home/intelliswift/tools/selenium/screenshots/dashboard_check_09_August_2019_afternoon/barneys_crawl.png (deflated 6%)
  adding: home/intelliswift/tools/selenium/screenshots/dashboard_check_09_August_2019_afternoon/netaporter_import.png (deflated 6%)
  adding: home/intelliswift/tools/selenium/screenshots/dashboard_check_09_August_2019_afternoon/zappos_import.png (deflated 4%)
  adding: home/intelliswift/tools/selenium/screenshots/dashboard_check_09_August_2019_afternoon/bloomingdales_import.png (deflated 4%)
  adding: home/intelliswift/tools/selenium/screenshots/dashboard_check_09_August_2019_afternoon/lordandtaylor_crawl.png (deflated 6%)
  adding: home/intelliswift/tools/selenium/screenshots/dashboard_check_09_August_2019_afternoon/barneys_import.png (deflated 6%)
  adding: home/intelliswift/tools/selenium/screenshots/dashboard_check_09_August_2019_afternoon/nordstrom_crawl.png (deflated 7%)
  adding: home/intelliswift/tools/selenium/screenshots/dashboard_check_09_August_2019_afternoon/revolveclothing_import.png (deflated 4%)
  adding: home/intelliswift/tools/selenium/screenshots/dashboard_check_09_August_2019_afternoon/farfetch_crawl.png (deflated 7%)
  adding: home/intelliswift/tools/selenium/screenshots/dashboard_check_09_August_2019_afternoon/yoox_crawl.png (deflated 9%)
  adding: home/intelliswift/tools/selenium/screenshots/dashboard_check_09_August_2019_afternoon/Ssense_import.png (deflated 6%)
  adding: home/intelliswift/tools/selenium/screenshots/dashboard_check_09_August_2019_afternoon/netaporter_crawl.png (deflated 6%)
  adding: home/intelliswift/tools/selenium/screenshots/dashboard_check_09_August_2019_afternoon/macys_crawl.png (deflated 9%)
  adding: home/intelliswift/tools/selenium/screenshots/dashboard_check_09_August_2019_afternoon/JCPenney_crawl.png (deflated 7%)
  adding: home/intelliswift/tools/selenium/screenshots/dashboard_check_09_August_2019_afternoon/barneyswarehouse_us_crawl.png (deflated 6%)
  adding: home/intelliswift/tools/selenium/screenshots/dashboard_check_09_August_2019_afternoon/nordstrom_import.png (deflated 5%)
  adding: home/intelliswift/tools/selenium/screenshots/dashboard_check_09_August_2019_afternoon/macyshome_import.png (deflated 5%)
  adding: home/intelliswift/tools/selenium/screenshots/dashboard_check_09_August_2019_afternoon/nordstromrack_us_import.png (deflated 5%)
  adding: home/intelliswift/tools/selenium/screenshots/dashboard_check_09_August_2019_afternoon/bloomingdales_crawl.png (deflated 7%)
  adding: home/intelliswift/tools/selenium/screenshots/dashboard_check_09_August_2019_afternoon/shopbop_crawl.png (deflated 5%)
  adding: home/intelliswift/tools/selenium/screenshots/dashboard_check_09_August_2019_afternoon/jcpenney_home_import.png (deflated 5%)
  adding: home/intelliswift/tools/selenium/screenshots/dashboard_check_09_August_2019_afternoon/ruelala_us_crawl.png (deflated 6%)
  adding: home/intelliswift/tools/selenium/screenshots/dashboard_check_09_August_2019_afternoon/nordstromrack_us_crawl.png (deflated 9%)
  adding: home/intelliswift/tools/selenium/screenshots/dashboard_check_09_August_2019_afternoon/jcpenney_home_crawl.png (deflated 7%)
  adding: home/intelliswift/tools/selenium/screenshots/dashboard_check_09_August_2019_afternoon/lordandtaylor_import.png (deflated 6%)
  adding: home/intelliswift/tools/selenium/screenshots/dashboard_check_09_August_2019_afternoon/farfetch_import.png (deflated 5%)
Traceback (most recent call last):
  File "/home/intelliswift/tools/selenium/dcheck.py", line 171, in <module>
    s.sendmail(fromaddr, toaddr2, text)
NameError: name 'toaddr2' is not defined
Error: Connection activation failed: Not authorized to control networking.
Error: 'shopstyle-vpn-v2' is not an active connection.
Error: no active connection provided.
  adding: home/intelliswift/tools/selenium/screenshots/dashboard_check_12_August_2019_afternoon/ (stored 0%)
  adding: home/intelliswift/tools/selenium/screenshots/dashboard_check_12_August_2019_afternoon/revolveclothing_crawl.png (deflated 19%)
  adding: home/intelliswift/tools/selenium/screenshots/dashboard_check_12_August_2019_afternoon/lordandtaylor_crawl.png (deflated 17%)
  adding: home/intelliswift/tools/selenium/screenshots/dashboard_check_12_August_2019_afternoon/JCPenney_import.png (deflated 13%)
  adding: home/intelliswift/tools/selenium/screenshots/dashboard_check_12_August_2019_afternoon/zappos_crawl.png (deflated 18%)
  adding: home/intelliswift/tools/selenium/screenshots/dashboard_check_12_August_2019_afternoon/shopbop_import.png (deflated 13%)
  adding: home/intelliswift/tools/selenium/screenshots/dashboard_check_12_August_2019_afternoon/netaporter_crawl.png (deflated 16%)
  adding: home/intelliswift/tools/selenium/screenshots/dashboard_check_12_August_2019_afternoon/barneys_import.png (deflated 14%)
  adding: home/intelliswift/tools/selenium/screenshots/dashboard_check_12_August_2019_afternoon/lordandtaylor_import.png (deflated 15%)
  adding: home/intelliswift/tools/selenium/screenshots/dashboard_check_12_August_2019_afternoon/Ssense_import.png (deflated 13%)
  adding: home/intelliswift/tools/selenium/screenshots/dashboard_check_12_August_2019_afternoon/barneyswarehouse_us_import.png (deflated 14%)
  adding: home/intelliswift/tools/selenium/screenshots/dashboard_check_12_August_2019_afternoon/JCPenney_crawl.png (deflated 18%)
  adding: home/intelliswift/tools/selenium/screenshots/dashboard_check_12_August_2019_afternoon/nordstromrack_us_crawl.png (deflated 20%)
  adding: home/intelliswift/tools/selenium/screenshots/dashboard_check_12_August_2019_afternoon/netaporter_import.png (deflated 13%)
  adding: home/intelliswift/tools/selenium/screenshots/dashboard_check_12_August_2019_afternoon/ruelala_us_crawl.png (deflated 16%)
  adding: home/intelliswift/tools/selenium/screenshots/dashboard_check_12_August_2019_afternoon/zappos_import.png (deflated 12%)
  adding: home/intelliswift/tools/selenium/screenshots/dashboard_check_12_August_2019_afternoon/bloomingdaleshome_import.png (deflated 12%)
  adding: home/intelliswift/tools/selenium/screenshots/dashboard_check_12_August_2019_afternoon/nordstrom_crawl.png (deflated 18%)
  adding: home/intelliswift/tools/selenium/screenshots/dashboard_check_12_August_2019_afternoon/revolveclothing_import.png (deflated 13%)
  adding: home/intelliswift/tools/selenium/screenshots/dashboard_check_12_August_2019_afternoon/yoox_crawl.png (deflated 20%)
  adding: home/intelliswift/tools/selenium/screenshots/dashboard_check_12_August_2019_afternoon/bloomingdaleshome_crawl.png (deflated 20%)
  adding: home/intelliswift/tools/selenium/screenshots/dashboard_check_12_August_2019_afternoon/macys_import.png (deflated 12%)
  adding: home/intelliswift/tools/selenium/screenshots/dashboard_check_12_August_2019_afternoon/nordstromrack_us_import.png (deflated 12%)
  adding: home/intelliswift/tools/selenium/screenshots/dashboard_check_12_August_2019_afternoon/bloomingdales_crawl.png (deflated 17%)
  adding: home/intelliswift/tools/selenium/screenshots/dashboard_check_12_August_2019_afternoon/nordstrom_import.png (deflated 13%)
  adding: home/intelliswift/tools/selenium/screenshots/dashboard_check_12_August_2019_afternoon/Ssense_crawl.png (deflated 17%)
  adding: home/intelliswift/tools/selenium/screenshots/dashboard_check_12_August_2019_afternoon/farfetch_import.png (deflated 12%)
  adding: home/intelliswift/tools/selenium/screenshots/dashboard_check_12_August_2019_afternoon/farfetch_crawl.png (deflated 17%)
  adding: home/intelliswift/tools/selenium/screenshots/dashboard_check_12_August_2019_afternoon/jcpenney_home_import.png (deflated 13%)
  adding: home/intelliswift/tools/selenium/screenshots/dashboard_check_12_August_2019_afternoon/bloomingdales_import.png (deflated 12%)
  adding: home/intelliswift/tools/selenium/screenshots/dashboard_check_12_August_2019_afternoon/macyshome_crawl.png (deflated 20%)
  adding: home/intelliswift/tools/selenium/screenshots/dashboard_check_12_August_2019_afternoon/macyshome_import.png (deflated 12%)
  adding: home/intelliswift/tools/selenium/screenshots/dashboard_check_12_August_2019_afternoon/macys_crawl.png (deflated 20%)
  adding: home/intelliswift/tools/selenium/screenshots/dashboard_check_12_August_2019_afternoon/shopbop_crawl.png (deflated 17%)
  adding: home/intelliswift/tools/selenium/screenshots/dashboard_check_12_August_2019_afternoon/barneys_crawl.png (deflated 17%)
  adding: home/intelliswift/tools/selenium/screenshots/dashboard_check_12_August_2019_afternoon/yoox_import.png (deflated 13%)
  adding: home/intelliswift/tools/selenium/screenshots/dashboard_check_12_August_2019_afternoon/ruelala_us_import.png (deflated 13%)
  adding: home/intelliswift/tools/selenium/screenshots/dashboard_check_12_August_2019_afternoon/jcpenney_home_crawl.png (deflated 18%)
  adding: home/intelliswift/tools/selenium/screenshots/dashboard_check_12_August_2019_afternoon/barneyswarehouse_us_crawl.png (deflated 17%)
Traceback (most recent call last):
  File "/home/intelliswift/tools/selenium/dcheck.py", line 182, in <module>
    s.sendmail(fromaddr, toaddr2, text)
NameError: name 'toaddr2' is not defined
Error: Connection activation failed: Not authorized to control networking.
Error: 'shopstyle-vpn-v2' is not an active connection.
Error: no active connection provided.
  adding: home/intelliswift/tools/selenium/screenshots/dashboard_check_13_August_2019_afternoon/ (stored 0%)
  adding: home/intelliswift/tools/selenium/screenshots/dashboard_check_13_August_2019_afternoon/revolveclothing_crawl.png (deflated 17%)
  adding: home/intelliswift/tools/selenium/screenshots/dashboard_check_13_August_2019_afternoon/lordandtaylor_crawl.png (deflated 16%)
  adding: home/intelliswift/tools/selenium/screenshots/dashboard_check_13_August_2019_afternoon/JCPenney_import.png (deflated 13%)
  adding: home/intelliswift/tools/selenium/screenshots/dashboard_check_13_August_2019_afternoon/zappos_crawl.png (deflated 17%)
  adding: home/intelliswift/tools/selenium/screenshots/dashboard_check_13_August_2019_afternoon/shopbop_import.png (deflated 13%)
  adding: home/intelliswift/tools/selenium/screenshots/dashboard_check_13_August_2019_afternoon/netaporter_crawl.png (deflated 17%)
  adding: home/intelliswift/tools/selenium/screenshots/dashboard_check_13_August_2019_afternoon/barneys_import.png (deflated 15%)
  adding: home/intelliswift/tools/selenium/screenshots/dashboard_check_13_August_2019_afternoon/lordandtaylor_import.png (deflated 15%)
  adding: home/intelliswift/tools/selenium/screenshots/dashboard_check_13_August_2019_afternoon/Ssense_import.png (deflated 14%)
  adding: home/intelliswift/tools/selenium/screenshots/dashboard_check_13_August_2019_afternoon/barneyswarehouse_us_import.png (deflated 15%)
  adding: home/intelliswift/tools/selenium/screenshots/dashboard_check_13_August_2019_afternoon/JCPenney_crawl.png (deflated 17%)
  adding: home/intelliswift/tools/selenium/screenshots/dashboard_check_13_August_2019_afternoon/nordstromrack_us_crawl.png (deflated 17%)
  adding: home/intelliswift/tools/selenium/screenshots/dashboard_check_13_August_2019_afternoon/netaporter_import.png (deflated 13%)
  adding: home/intelliswift/tools/selenium/screenshots/dashboard_check_13_August_2019_afternoon/ruelala_us_crawl.png (deflated 15%)
  adding: home/intelliswift/tools/selenium/screenshots/dashboard_check_13_August_2019_afternoon/zappos_import.png (deflated 12%)
  adding: home/intelliswift/tools/selenium/screenshots/dashboard_check_13_August_2019_afternoon/bloomingdaleshome_import.png (deflated 12%)
  adding: home/intelliswift/tools/selenium/screenshots/dashboard_check_13_August_2019_afternoon/nordstrom_crawl.png (deflated 17%)
  adding: home/intelliswift/tools/selenium/screenshots/dashboard_check_13_August_2019_afternoon/revolveclothing_import.png (deflated 12%)
  adding: home/intelliswift/tools/selenium/screenshots/dashboard_check_13_August_2019_afternoon/yoox_crawl.png (deflated 18%)
  adding: home/intelliswift/tools/selenium/screenshots/dashboard_check_13_August_2019_afternoon/bloomingdaleshome_crawl.png (deflated 17%)
  adding: home/intelliswift/tools/selenium/screenshots/dashboard_check_13_August_2019_afternoon/macys_import.png (deflated 12%)
  adding: home/intelliswift/tools/selenium/screenshots/dashboard_check_13_August_2019_afternoon/nordstromrack_us_import.png (deflated 12%)
  adding: home/intelliswift/tools/selenium/screenshots/dashboard_check_13_August_2019_afternoon/bloomingdales_crawl.png (deflated 17%)
  adding: home/intelliswift/tools/selenium/screenshots/dashboard_check_13_August_2019_afternoon/nordstrom_import.png (deflated 12%)
  adding: home/intelliswift/tools/selenium/screenshots/dashboard_check_13_August_2019_afternoon/Ssense_crawl.png (deflated 16%)
  adding: home/intelliswift/tools/selenium/screenshots/dashboard_check_13_August_2019_afternoon/farfetch_import.png (deflated 12%)
  adding: home/intelliswift/tools/selenium/screenshots/dashboard_check_13_August_2019_afternoon/farfetch_crawl.png (deflated 16%)
  adding: home/intelliswift/tools/selenium/screenshots/dashboard_check_13_August_2019_afternoon/jcpenney_home_import.png (deflated 12%)
  adding: home/intelliswift/tools/selenium/screenshots/dashboard_check_13_August_2019_afternoon/bloomingdales_import.png (deflated 12%)
  adding: home/intelliswift/tools/selenium/screenshots/dashboard_check_13_August_2019_afternoon/macyshome_crawl.png (deflated 18%)
  adding: home/intelliswift/tools/selenium/screenshots/dashboard_check_13_August_2019_afternoon/macyshome_import.png (deflated 12%)
  adding: home/intelliswift/tools/selenium/screenshots/dashboard_check_13_August_2019_afternoon/macys_crawl.png (deflated 18%)
  adding: home/intelliswift/tools/selenium/screenshots/dashboard_check_13_August_2019_afternoon/shopbop_crawl.png (deflated 16%)
  adding: home/intelliswift/tools/selenium/screenshots/dashboard_check_13_August_2019_afternoon/barneys_crawl.png (deflated 17%)
  adding: home/intelliswift/tools/selenium/screenshots/dashboard_check_13_August_2019_afternoon/yoox_import.png (deflated 13%)
  adding: home/intelliswift/tools/selenium/screenshots/dashboard_check_13_August_2019_afternoon/ruelala_us_import.png (deflated 12%)
  adding: home/intelliswift/tools/selenium/screenshots/dashboard_check_13_August_2019_afternoon/jcpenney_home_crawl.png (deflated 18%)
  adding: home/intelliswift/tools/selenium/screenshots/dashboard_check_13_August_2019_afternoon/barneyswarehouse_us_crawl.png (deflated 16%)
