/usr/bin/python3: can't open file '/home/intelliswift/tools/selenium/d_check.py': [Errno 2] No such file or directory
mkdir: cannot create directory ‘/home/intelliswift/tools/selenium/screenshots/dashboard_check_05_August_2019_morning’: File exists
Traceback (most recent call last):
  File "/home/intelliswift/tools/selenium/dcheck.py", line 75, in <module>
    driver.close()
  File "/usr/local/lib/python3.6/dist-packages/selenium/webdriver/remote/webdriver.py", line 688, in close
    self.execute(Command.CLOSE)
  File "/usr/local/lib/python3.6/dist-packages/selenium/webdriver/remote/webdriver.py", line 321, in execute
    self.error_handler.check_response(response)
  File "/usr/local/lib/python3.6/dist-packages/selenium/webdriver/remote/errorhandler.py", line 242, in check_response
    raise exception_class(message, screen, stacktrace)
selenium.common.exceptions.NoSuchWindowException: Message: no such window: target window already closed
from unknown error: web view not found
  (Session info: chrome=75.0.3770.142)

  adding: home/intelliswift/tools/selenium/screenshots/dashboard_check_06_August_2019_morning/ (stored 0%)
  adding: home/intelliswift/tools/selenium/screenshots/dashboard_check_06_August_2019_morning/macyshome_crawl.png (deflated 12%)
  adding: home/intelliswift/tools/selenium/screenshots/dashboard_check_06_August_2019_morning/macys_import.png (deflated 4%)
  adding: home/intelliswift/tools/selenium/screenshots/dashboard_check_06_August_2019_morning/ruelala_us_import.png (deflated 6%)
  adding: home/intelliswift/tools/selenium/screenshots/dashboard_check_06_August_2019_morning/JCPenney_import.png (deflated 5%)
  adding: home/intelliswift/tools/selenium/screenshots/dashboard_check_06_August_2019_morning/barneyswarehouse_us_import.png (deflated 5%)
  adding: home/intelliswift/tools/selenium/screenshots/dashboard_check_06_August_2019_morning/Ssense_crawl.png (deflated 10%)
  adding: home/intelliswift/tools/selenium/screenshots/dashboard_check_06_August_2019_morning/bloomingdaleshome_import.png (deflated 4%)
  adding: home/intelliswift/tools/selenium/screenshots/dashboard_check_06_August_2019_morning/revolveclothing_crawl.png (deflated 11%)
  adding: home/intelliswift/tools/selenium/screenshots/dashboard_check_06_August_2019_morning/bloomingdaleshome_crawl.png (deflated 12%)
  adding: home/intelliswift/tools/selenium/screenshots/dashboard_check_06_August_2019_morning/yoox_import.png (deflated 5%)
  adding: home/intelliswift/tools/selenium/screenshots/dashboard_check_06_August_2019_morning/shopbop_import.png (deflated 5%)
  adding: home/intelliswift/tools/selenium/screenshots/dashboard_check_06_August_2019_morning/zappos_crawl.png (deflated 11%)
  adding: home/intelliswift/tools/selenium/screenshots/dashboard_check_06_August_2019_morning/barneys_crawl.png (deflated 6%)
  adding: home/intelliswift/tools/selenium/screenshots/dashboard_check_06_August_2019_morning/netaporter_import.png (deflated 5%)
  adding: home/intelliswift/tools/selenium/screenshots/dashboard_check_06_August_2019_morning/zappos_import.png (deflated 4%)
  adding: home/intelliswift/tools/selenium/screenshots/dashboard_check_06_August_2019_morning/bloomingdales_import.png (deflated 4%)
  adding: home/intelliswift/tools/selenium/screenshots/dashboard_check_06_August_2019_morning/lordandtaylor_crawl.png (deflated 8%)
  adding: home/intelliswift/tools/selenium/screenshots/dashboard_check_06_August_2019_morning/barneys_import.png (deflated 6%)
  adding: home/intelliswift/tools/selenium/screenshots/dashboard_check_06_August_2019_morning/nordstrom_crawl.png (deflated 10%)
  adding: home/intelliswift/tools/selenium/screenshots/dashboard_check_06_August_2019_morning/revolveclothing_import.png (deflated 4%)
  adding: home/intelliswift/tools/selenium/screenshots/dashboard_check_06_August_2019_morning/farfetch_crawl.png (deflated 7%)
  adding: home/intelliswift/tools/selenium/screenshots/dashboard_check_06_August_2019_morning/yoox_crawl.png (deflated 12%)
  adding: home/intelliswift/tools/selenium/screenshots/dashboard_check_06_August_2019_morning/Ssense_import.png (deflated 6%)
  adding: home/intelliswift/tools/selenium/screenshots/dashboard_check_06_August_2019_morning/netaporter_crawl.png (deflated 7%)
  adding: home/intelliswift/tools/selenium/screenshots/dashboard_check_06_August_2019_morning/macys_crawl.png (deflated 12%)
  adding: home/intelliswift/tools/selenium/screenshots/dashboard_check_06_August_2019_morning/JCPenney_crawl.png (deflated 10%)
  adding: home/intelliswift/tools/selenium/screenshots/dashboard_check_06_August_2019_morning/barneyswarehouse_us_crawl.png (deflated 9%)
  adding: home/intelliswift/tools/selenium/screenshots/dashboard_check_06_August_2019_morning/nordstrom_import.png (deflated 4%)
  adding: home/intelliswift/tools/selenium/screenshots/dashboard_check_06_August_2019_morning/macyshome_import.png (deflated 4%)
  adding: home/intelliswift/tools/selenium/screenshots/dashboard_check_06_August_2019_morning/nordstromrack_us_import.png (deflated 4%)
  adding: home/intelliswift/tools/selenium/screenshots/dashboard_check_06_August_2019_morning/bloomingdales_crawl.png (deflated 10%)
  adding: home/intelliswift/tools/selenium/screenshots/dashboard_check_06_August_2019_morning/shopbop_crawl.png (deflated 9%)
  adding: home/intelliswift/tools/selenium/screenshots/dashboard_check_06_August_2019_morning/jcpenney_home_import.png (deflated 5%)
  adding: home/intelliswift/tools/selenium/screenshots/dashboard_check_06_August_2019_morning/ruelala_us_crawl.png (deflated 6%)
  adding: home/intelliswift/tools/selenium/screenshots/dashboard_check_06_August_2019_morning/nordstromrack_us_crawl.png (deflated 12%)
  adding: home/intelliswift/tools/selenium/screenshots/dashboard_check_06_August_2019_morning/jcpenney_home_crawl.png (deflated 11%)
  adding: home/intelliswift/tools/selenium/screenshots/dashboard_check_06_August_2019_morning/lordandtaylor_import.png (deflated 6%)
  adding: home/intelliswift/tools/selenium/screenshots/dashboard_check_06_August_2019_morning/farfetch_import.png (deflated 5%)
  adding: home/intelliswift/tools/selenium/screenshots/dashboard_check_07_August_2019_morning/ (stored 0%)
  adding: home/intelliswift/tools/selenium/screenshots/dashboard_check_07_August_2019_morning/macyshome_crawl.png (deflated 10%)
  adding: home/intelliswift/tools/selenium/screenshots/dashboard_check_07_August_2019_morning/macys_import.png (deflated 4%)
  adding: home/intelliswift/tools/selenium/screenshots/dashboard_check_07_August_2019_morning/ruelala_us_import.png (deflated 5%)
  adding: home/intelliswift/tools/selenium/screenshots/dashboard_check_07_August_2019_morning/JCPenney_import.png (deflated 4%)
  adding: home/intelliswift/tools/selenium/screenshots/dashboard_check_07_August_2019_morning/barneyswarehouse_us_import.png (deflated 5%)
  adding: home/intelliswift/tools/selenium/screenshots/dashboard_check_07_August_2019_morning/Ssense_crawl.png (deflated 9%)
  adding: home/intelliswift/tools/selenium/screenshots/dashboard_check_07_August_2019_morning/bloomingdaleshome_import.png (deflated 4%)
  adding: home/intelliswift/tools/selenium/screenshots/dashboard_check_07_August_2019_morning/revolveclothing_crawl.png (deflated 10%)
  adding: home/intelliswift/tools/selenium/screenshots/dashboard_check_07_August_2019_morning/bloomingdaleshome_crawl.png (deflated 10%)
  adding: home/intelliswift/tools/selenium/screenshots/dashboard_check_07_August_2019_morning/yoox_import.png (deflated 5%)
  adding: home/intelliswift/tools/selenium/screenshots/dashboard_check_07_August_2019_morning/shopbop_import.png (deflated 5%)
  adding: home/intelliswift/tools/selenium/screenshots/dashboard_check_07_August_2019_morning/zappos_crawl.png (deflated 11%)
  adding: home/intelliswift/tools/selenium/screenshots/dashboard_check_07_August_2019_morning/barneys_crawl.png (deflated 5%)
  adding: home/intelliswift/tools/selenium/screenshots/dashboard_check_07_August_2019_morning/netaporter_import.png (deflated 6%)
  adding: home/intelliswift/tools/selenium/screenshots/dashboard_check_07_August_2019_morning/zappos_import.png (deflated 5%)
  adding: home/intelliswift/tools/selenium/screenshots/dashboard_check_07_August_2019_morning/bloomingdales_import.png (deflated 4%)
  adding: home/intelliswift/tools/selenium/screenshots/dashboard_check_07_August_2019_morning/lordandtaylor_crawl.png (deflated 7%)
  adding: home/intelliswift/tools/selenium/screenshots/dashboard_check_07_August_2019_morning/barneys_import.png (deflated 6%)
  adding: home/intelliswift/tools/selenium/screenshots/dashboard_check_07_August_2019_morning/nordstrom_crawl.png (deflated 8%)
  adding: home/intelliswift/tools/selenium/screenshots/dashboard_check_07_August_2019_morning/revolveclothing_import.png (deflated 4%)
  adding: home/intelliswift/tools/selenium/screenshots/dashboard_check_07_August_2019_morning/farfetch_crawl.png (deflated 6%)
  adding: home/intelliswift/tools/selenium/screenshots/dashboard_check_07_August_2019_morning/yoox_crawl.png (deflated 10%)
  adding: home/intelliswift/tools/selenium/screenshots/dashboard_check_07_August_2019_morning/Ssense_import.png (deflated 6%)
  adding: home/intelliswift/tools/selenium/screenshots/dashboard_check_07_August_2019_morning/netaporter_crawl.png (deflated 6%)
  adding: home/intelliswift/tools/selenium/screenshots/dashboard_check_07_August_2019_morning/macys_crawl.png (deflated 10%)
  adding: home/intelliswift/tools/selenium/screenshots/dashboard_check_07_August_2019_morning/JCPenney_crawl.png (deflated 9%)
  adding: home/intelliswift/tools/selenium/screenshots/dashboard_check_07_August_2019_morning/barneyswarehouse_us_crawl.png (deflated 7%)
  adding: home/intelliswift/tools/selenium/screenshots/dashboard_check_07_August_2019_morning/nordstrom_import.png (deflated 4%)
  adding: home/intelliswift/tools/selenium/screenshots/dashboard_check_07_August_2019_morning/macyshome_import.png (deflated 4%)
  adding: home/intelliswift/tools/selenium/screenshots/dashboard_check_07_August_2019_morning/nordstromrack_us_import.png (deflated 4%)
  adding: home/intelliswift/tools/selenium/screenshots/dashboard_check_07_August_2019_morning/bloomingdales_crawl.png (deflated 9%)
  adding: home/intelliswift/tools/selenium/screenshots/dashboard_check_07_August_2019_morning/shopbop_crawl.png (deflated 7%)
  adding: home/intelliswift/tools/selenium/screenshots/dashboard_check_07_August_2019_morning/jcpenney_home_import.png (deflated 5%)
  adding: home/intelliswift/tools/selenium/screenshots/dashboard_check_07_August_2019_morning/ruelala_us_crawl.png (deflated 6%)
  adding: home/intelliswift/tools/selenium/screenshots/dashboard_check_07_August_2019_morning/nordstromrack_us_crawl.png (deflated 11%)
  adding: home/intelliswift/tools/selenium/screenshots/dashboard_check_07_August_2019_morning/jcpenney_home_crawl.png (deflated 8%)
  adding: home/intelliswift/tools/selenium/screenshots/dashboard_check_07_August_2019_morning/lordandtaylor_import.png (deflated 6%)
  adding: home/intelliswift/tools/selenium/screenshots/dashboard_check_07_August_2019_morning/farfetch_import.png (deflated 5%)
  adding: home/intelliswift/tools/selenium/screenshots/dashboard_check_08_August_2019_morning/ (stored 0%)
  adding: home/intelliswift/tools/selenium/screenshots/dashboard_check_08_August_2019_morning/macyshome_crawl.png (deflated 10%)
  adding: home/intelliswift/tools/selenium/screenshots/dashboard_check_08_August_2019_morning/macys_import.png (deflated 4%)
  adding: home/intelliswift/tools/selenium/screenshots/dashboard_check_08_August_2019_morning/ruelala_us_import.png (deflated 6%)
  adding: home/intelliswift/tools/selenium/screenshots/dashboard_check_08_August_2019_morning/JCPenney_import.png (deflated 5%)
  adding: home/intelliswift/tools/selenium/screenshots/dashboard_check_08_August_2019_morning/barneyswarehouse_us_import.png (deflated 5%)
  adding: home/intelliswift/tools/selenium/screenshots/dashboard_check_08_August_2019_morning/Ssense_crawl.png (deflated 8%)
  adding: home/intelliswift/tools/selenium/screenshots/dashboard_check_08_August_2019_morning/bloomingdaleshome_import.png (deflated 4%)
  adding: home/intelliswift/tools/selenium/screenshots/dashboard_check_08_August_2019_morning/revolveclothing_crawl.png (deflated 10%)
  adding: home/intelliswift/tools/selenium/screenshots/dashboard_check_08_August_2019_morning/bloomingdaleshome_crawl.png (deflated 10%)
  adding: home/intelliswift/tools/selenium/screenshots/dashboard_check_08_August_2019_morning/yoox_import.png (deflated 5%)
  adding: home/intelliswift/tools/selenium/screenshots/dashboard_check_08_August_2019_morning/shopbop_import.png (deflated 5%)
  adding: home/intelliswift/tools/selenium/screenshots/dashboard_check_08_August_2019_morning/zappos_crawl.png (deflated 9%)
  adding: home/intelliswift/tools/selenium/screenshots/dashboard_check_08_August_2019_morning/barneys_crawl.png (deflated 6%)
  adding: home/intelliswift/tools/selenium/screenshots/dashboard_check_08_August_2019_morning/netaporter_import.png (deflated 6%)
  adding: home/intelliswift/tools/selenium/screenshots/dashboard_check_08_August_2019_morning/zappos_import.png (deflated 4%)
  adding: home/intelliswift/tools/selenium/screenshots/dashboard_check_08_August_2019_morning/bloomingdales_import.png (deflated 4%)
  adding: home/intelliswift/tools/selenium/screenshots/dashboard_check_08_August_2019_morning/lordandtaylor_crawl.png (deflated 6%)
  adding: home/intelliswift/tools/selenium/screenshots/dashboard_check_08_August_2019_morning/barneys_import.png (deflated 6%)
  adding: home/intelliswift/tools/selenium/screenshots/dashboard_check_08_August_2019_morning/nordstrom_crawl.png (deflated 9%)
  adding: home/intelliswift/tools/selenium/screenshots/dashboard_check_08_August_2019_morning/revolveclothing_import.png (deflated 4%)
  adding: home/intelliswift/tools/selenium/screenshots/dashboard_check_08_August_2019_morning/farfetch_crawl.png (deflated 6%)
  adding: home/intelliswift/tools/selenium/screenshots/dashboard_check_08_August_2019_morning/yoox_crawl.png (deflated 10%)
  adding: home/intelliswift/tools/selenium/screenshots/dashboard_check_08_August_2019_morning/Ssense_import.png (deflated 6%)
  adding: home/intelliswift/tools/selenium/screenshots/dashboard_check_08_August_2019_morning/netaporter_crawl.png (deflated 5%)
  adding: home/intelliswift/tools/selenium/screenshots/dashboard_check_08_August_2019_morning/macys_crawl.png (deflated 10%)
  adding: home/intelliswift/tools/selenium/screenshots/dashboard_check_08_August_2019_morning/JCPenney_crawl.png (deflated 7%)
  adding: home/intelliswift/tools/selenium/screenshots/dashboard_check_08_August_2019_morning/barneyswarehouse_us_crawl.png (deflated 6%)
  adding: home/intelliswift/tools/selenium/screenshots/dashboard_check_08_August_2019_morning/nordstrom_import.png (deflated 5%)
  adding: home/intelliswift/tools/selenium/screenshots/dashboard_check_08_August_2019_morning/macyshome_import.png (deflated 4%)
  adding: home/intelliswift/tools/selenium/screenshots/dashboard_check_08_August_2019_morning/nordstromrack_us_import.png (deflated 5%)
  adding: home/intelliswift/tools/selenium/screenshots/dashboard_check_08_August_2019_morning/bloomingdales_crawl.png (deflated 9%)
  adding: home/intelliswift/tools/selenium/screenshots/dashboard_check_08_August_2019_morning/shopbop_crawl.png (deflated 7%)
  adding: home/intelliswift/tools/selenium/screenshots/dashboard_check_08_August_2019_morning/jcpenney_home_import.png (deflated 5%)
  adding: home/intelliswift/tools/selenium/screenshots/dashboard_check_08_August_2019_morning/ruelala_us_crawl.png (deflated 6%)
  adding: home/intelliswift/tools/selenium/screenshots/dashboard_check_08_August_2019_morning/nordstromrack_us_crawl.png (deflated 11%)
  adding: home/intelliswift/tools/selenium/screenshots/dashboard_check_08_August_2019_morning/jcpenney_home_crawl.png (deflated 8%)
  adding: home/intelliswift/tools/selenium/screenshots/dashboard_check_08_August_2019_morning/lordandtaylor_import.png (deflated 6%)
  adding: home/intelliswift/tools/selenium/screenshots/dashboard_check_08_August_2019_morning/farfetch_import.png (deflated 5%)
Traceback (most recent call last):
  File "/home/intelliswift/tools/selenium/dcheck.py", line 159, in <module>
    text = msg.as_string()
  File "/usr/lib/python3.6/email/message.py", line 158, in as_string
    g.flatten(self, unixfrom=unixfrom)
  File "/usr/lib/python3.6/email/generator.py", line 116, in flatten
    self._write(msg)
  File "/usr/lib/python3.6/email/generator.py", line 195, in _write
    self._write_headers(msg)
  File "/usr/lib/python3.6/email/generator.py", line 222, in _write_headers
    self.write(self.policy.fold(h, v))
  File "/usr/lib/python3.6/email/_policybase.py", line 326, in fold
    return self._fold(name, value, sanitize=True)
  File "/usr/lib/python3.6/email/_policybase.py", line 369, in _fold
    parts.append(h.encode(linesep=self.linesep, maxlinelen=maxlinelen))
AttributeError: 'list' object has no attribute 'encode'
  adding: home/intelliswift/tools/selenium/screenshots/dashboard_check_09_August_2019_morning/ (stored 0%)
  adding: home/intelliswift/tools/selenium/screenshots/dashboard_check_09_August_2019_morning/macyshome_crawl.png (deflated 9%)
  adding: home/intelliswift/tools/selenium/screenshots/dashboard_check_09_August_2019_morning/macys_import.png (deflated 4%)
  adding: home/intelliswift/tools/selenium/screenshots/dashboard_check_09_August_2019_morning/ruelala_us_import.png (deflated 5%)
  adding: home/intelliswift/tools/selenium/screenshots/dashboard_check_09_August_2019_morning/JCPenney_import.png (deflated 5%)
  adding: home/intelliswift/tools/selenium/screenshots/dashboard_check_09_August_2019_morning/barneyswarehouse_us_import.png (deflated 6%)
  adding: home/intelliswift/tools/selenium/screenshots/dashboard_check_09_August_2019_morning/Ssense_crawl.png (deflated 8%)
  adding: home/intelliswift/tools/selenium/screenshots/dashboard_check_09_August_2019_morning/bloomingdaleshome_import.png (deflated 4%)
  adding: home/intelliswift/tools/selenium/screenshots/dashboard_check_09_August_2019_morning/revolveclothing_crawl.png (deflated 9%)
  adding: home/intelliswift/tools/selenium/screenshots/dashboard_check_09_August_2019_morning/bloomingdaleshome_crawl.png (deflated 9%)
  adding: home/intelliswift/tools/selenium/screenshots/dashboard_check_09_August_2019_morning/yoox_import.png (deflated 5%)
  adding: home/intelliswift/tools/selenium/screenshots/dashboard_check_09_August_2019_morning/shopbop_import.png (deflated 5%)
  adding: home/intelliswift/tools/selenium/screenshots/dashboard_check_09_August_2019_morning/zappos_crawl.png (deflated 9%)
  adding: home/intelliswift/tools/selenium/screenshots/dashboard_check_09_August_2019_morning/barneys_crawl.png (deflated 5%)
  adding: home/intelliswift/tools/selenium/screenshots/dashboard_check_09_August_2019_morning/netaporter_import.png (deflated 6%)
  adding: home/intelliswift/tools/selenium/screenshots/dashboard_check_09_August_2019_morning/zappos_import.png (deflated 4%)
  adding: home/intelliswift/tools/selenium/screenshots/dashboard_check_09_August_2019_morning/bloomingdales_import.png (deflated 4%)
  adding: home/intelliswift/tools/selenium/screenshots/dashboard_check_09_August_2019_morning/lordandtaylor_crawl.png (deflated 6%)
  adding: home/intelliswift/tools/selenium/screenshots/dashboard_check_09_August_2019_morning/barneys_import.png (deflated 7%)
  adding: home/intelliswift/tools/selenium/screenshots/dashboard_check_09_August_2019_morning/nordstrom_crawl.png (deflated 7%)
  adding: home/intelliswift/tools/selenium/screenshots/dashboard_check_09_August_2019_morning/revolveclothing_import.png (deflated 4%)
  adding: home/intelliswift/tools/selenium/screenshots/dashboard_check_09_August_2019_morning/farfetch_crawl.png (deflated 6%)
  adding: home/intelliswift/tools/selenium/screenshots/dashboard_check_09_August_2019_morning/yoox_crawl.png (deflated 9%)
  adding: home/intelliswift/tools/selenium/screenshots/dashboard_check_09_August_2019_morning/Ssense_import.png (deflated 6%)
  adding: home/intelliswift/tools/selenium/screenshots/dashboard_check_09_August_2019_morning/netaporter_crawl.png (deflated 6%)
  adding: home/intelliswift/tools/selenium/screenshots/dashboard_check_09_August_2019_morning/macys_crawl.png (deflated 9%)
  adding: home/intelliswift/tools/selenium/screenshots/dashboard_check_09_August_2019_morning/JCPenney_crawl.png (deflated 7%)
  adding: home/intelliswift/tools/selenium/screenshots/dashboard_check_09_August_2019_morning/barneyswarehouse_us_crawl.png (deflated 6%)
  adding: home/intelliswift/tools/selenium/screenshots/dashboard_check_09_August_2019_morning/nordstrom_import.png (deflated 5%)
  adding: home/intelliswift/tools/selenium/screenshots/dashboard_check_09_August_2019_morning/macyshome_import.png (deflated 5%)
  adding: home/intelliswift/tools/selenium/screenshots/dashboard_check_09_August_2019_morning/nordstromrack_us_import.png (deflated 5%)
  adding: home/intelliswift/tools/selenium/screenshots/dashboard_check_09_August_2019_morning/bloomingdales_crawl.png (deflated 7%)
  adding: home/intelliswift/tools/selenium/screenshots/dashboard_check_09_August_2019_morning/shopbop_crawl.png (deflated 6%)
  adding: home/intelliswift/tools/selenium/screenshots/dashboard_check_09_August_2019_morning/jcpenney_home_import.png (deflated 5%)
  adding: home/intelliswift/tools/selenium/screenshots/dashboard_check_09_August_2019_morning/ruelala_us_crawl.png (deflated 6%)
  adding: home/intelliswift/tools/selenium/screenshots/dashboard_check_09_August_2019_morning/nordstromrack_us_crawl.png (deflated 9%)
  adding: home/intelliswift/tools/selenium/screenshots/dashboard_check_09_August_2019_morning/jcpenney_home_crawl.png (deflated 7%)
  adding: home/intelliswift/tools/selenium/screenshots/dashboard_check_09_August_2019_morning/lordandtaylor_import.png (deflated 6%)
  adding: home/intelliswift/tools/selenium/screenshots/dashboard_check_09_August_2019_morning/farfetch_import.png (deflated 5%)
  adding: home/intelliswift/tools/selenium/screenshots/dashboard_check_12_August_2019_morning/ (stored 0%)
  adding: home/intelliswift/tools/selenium/screenshots/dashboard_check_12_August_2019_morning/macyshome_crawl.png (deflated 15%)
  adding: home/intelliswift/tools/selenium/screenshots/dashboard_check_12_August_2019_morning/macys_import.png (deflated 5%)
  adding: home/intelliswift/tools/selenium/screenshots/dashboard_check_12_August_2019_morning/ruelala_us_import.png (deflated 5%)
  adding: home/intelliswift/tools/selenium/screenshots/dashboard_check_12_August_2019_morning/JCPenney_import.png (deflated 5%)
  adding: home/intelliswift/tools/selenium/screenshots/dashboard_check_12_August_2019_morning/barneyswarehouse_us_import.png (deflated 4%)
  adding: home/intelliswift/tools/selenium/screenshots/dashboard_check_12_August_2019_morning/Ssense_crawl.png (deflated 11%)
  adding: home/intelliswift/tools/selenium/screenshots/dashboard_check_12_August_2019_morning/bloomingdaleshome_import.png (deflated 4%)
  adding: home/intelliswift/tools/selenium/screenshots/dashboard_check_12_August_2019_morning/revolveclothing_crawl.png (deflated 14%)
  adding: home/intelliswift/tools/selenium/screenshots/dashboard_check_12_August_2019_morning/bloomingdaleshome_crawl.png (deflated 15%)
  adding: home/intelliswift/tools/selenium/screenshots/dashboard_check_12_August_2019_morning/yoox_import.png (deflated 5%)
  adding: home/intelliswift/tools/selenium/screenshots/dashboard_check_12_August_2019_morning/shopbop_import.png (deflated 6%)
  adding: home/intelliswift/tools/selenium/screenshots/dashboard_check_12_August_2019_morning/zappos_crawl.png (deflated 14%)
  adding: home/intelliswift/tools/selenium/screenshots/dashboard_check_12_August_2019_morning/barneys_crawl.png (deflated 8%)
  adding: home/intelliswift/tools/selenium/screenshots/dashboard_check_12_August_2019_morning/netaporter_import.png (deflated 6%)
  adding: home/intelliswift/tools/selenium/screenshots/dashboard_check_12_August_2019_morning/zappos_import.png (deflated 4%)
  adding: home/intelliswift/tools/selenium/screenshots/dashboard_check_12_August_2019_morning/bloomingdales_import.png (deflated 4%)
  adding: home/intelliswift/tools/selenium/screenshots/dashboard_check_12_August_2019_morning/lordandtaylor_crawl.png (deflated 10%)
  adding: home/intelliswift/tools/selenium/screenshots/dashboard_check_12_August_2019_morning/barneys_import.png (deflated 6%)
  adding: home/intelliswift/tools/selenium/screenshots/dashboard_check_12_August_2019_morning/nordstrom_crawl.png (deflated 12%)
  adding: home/intelliswift/tools/selenium/screenshots/dashboard_check_12_August_2019_morning/revolveclothing_import.png (deflated 4%)
  adding: home/intelliswift/tools/selenium/screenshots/dashboard_check_12_August_2019_morning/farfetch_crawl.png (deflated 10%)
  adding: home/intelliswift/tools/selenium/screenshots/dashboard_check_12_August_2019_morning/yoox_crawl.png (deflated 15%)
  adding: home/intelliswift/tools/selenium/screenshots/dashboard_check_12_August_2019_morning/Ssense_import.png (deflated 6%)
  adding: home/intelliswift/tools/selenium/screenshots/dashboard_check_12_August_2019_morning/netaporter_crawl.png (deflated 9%)
  adding: home/intelliswift/tools/selenium/screenshots/dashboard_check_12_August_2019_morning/macys_crawl.png (deflated 14%)
  adding: home/intelliswift/tools/selenium/screenshots/dashboard_check_12_August_2019_morning/JCPenney_crawl.png (deflated 11%)
  adding: home/intelliswift/tools/selenium/screenshots/dashboard_check_12_August_2019_morning/barneyswarehouse_us_crawl.png (deflated 11%)
  adding: home/intelliswift/tools/selenium/screenshots/dashboard_check_12_August_2019_morning/nordstrom_import.png (deflated 5%)
  adding: home/intelliswift/tools/selenium/screenshots/dashboard_check_12_August_2019_morning/macyshome_import.png (deflated 4%)
  adding: home/intelliswift/tools/selenium/screenshots/dashboard_check_12_August_2019_morning/nordstromrack_us_import.png (deflated 4%)
  adding: home/intelliswift/tools/selenium/screenshots/dashboard_check_12_August_2019_morning/bloomingdales_crawl.png (deflated 14%)
  adding: home/intelliswift/tools/selenium/screenshots/dashboard_check_12_August_2019_morning/shopbop_crawl.png (deflated 12%)
  adding: home/intelliswift/tools/selenium/screenshots/dashboard_check_12_August_2019_morning/jcpenney_home_import.png (deflated 5%)
  adding: home/intelliswift/tools/selenium/screenshots/dashboard_check_12_August_2019_morning/ruelala_us_crawl.png (deflated 9%)
  adding: home/intelliswift/tools/selenium/screenshots/dashboard_check_12_August_2019_morning/nordstromrack_us_crawl.png (deflated 14%)
  adding: home/intelliswift/tools/selenium/screenshots/dashboard_check_12_August_2019_morning/jcpenney_home_crawl.png (deflated 12%)
  adding: home/intelliswift/tools/selenium/screenshots/dashboard_check_12_August_2019_morning/lordandtaylor_import.png (deflated 6%)
  adding: home/intelliswift/tools/selenium/screenshots/dashboard_check_12_August_2019_morning/farfetch_import.png (deflated 5%)
Error: Connection activation failed: Not authorized to control networking.
Error: 'shopstyle-vpn-v2' is not an active connection.
Error: no active connection provided.
  adding: home/intelliswift/tools/selenium/screenshots/dashboard_check_13_August_2019_morning/ (stored 0%)
  adding: home/intelliswift/tools/selenium/screenshots/dashboard_check_13_August_2019_morning/revolveclothing_crawl.png (deflated 17%)
  adding: home/intelliswift/tools/selenium/screenshots/dashboard_check_13_August_2019_morning/lordandtaylor_crawl.png (deflated 16%)
  adding: home/intelliswift/tools/selenium/screenshots/dashboard_check_13_August_2019_morning/JCPenney_import.png (deflated 13%)
  adding: home/intelliswift/tools/selenium/screenshots/dashboard_check_13_August_2019_morning/zappos_crawl.png (deflated 17%)
  adding: home/intelliswift/tools/selenium/screenshots/dashboard_check_13_August_2019_morning/shopbop_import.png (deflated 13%)
  adding: home/intelliswift/tools/selenium/screenshots/dashboard_check_13_August_2019_morning/netaporter_crawl.png (deflated 17%)
  adding: home/intelliswift/tools/selenium/screenshots/dashboard_check_13_August_2019_morning/barneys_import.png (deflated 14%)
  adding: home/intelliswift/tools/selenium/screenshots/dashboard_check_13_August_2019_morning/lordandtaylor_import.png (deflated 15%)
  adding: home/intelliswift/tools/selenium/screenshots/dashboard_check_13_August_2019_morning/Ssense_import.png (deflated 14%)
  adding: home/intelliswift/tools/selenium/screenshots/dashboard_check_13_August_2019_morning/barneyswarehouse_us_import.png (deflated 15%)
  adding: home/intelliswift/tools/selenium/screenshots/dashboard_check_13_August_2019_morning/JCPenney_crawl.png (deflated 17%)
  adding: home/intelliswift/tools/selenium/screenshots/dashboard_check_13_August_2019_morning/nordstromrack_us_crawl.png (deflated 17%)
  adding: home/intelliswift/tools/selenium/screenshots/dashboard_check_13_August_2019_morning/netaporter_import.png (deflated 13%)
  adding: home/intelliswift/tools/selenium/screenshots/dashboard_check_13_August_2019_morning/ruelala_us_crawl.png (deflated 16%)
  adding: home/intelliswift/tools/selenium/screenshots/dashboard_check_13_August_2019_morning/zappos_import.png (deflated 12%)
  adding: home/intelliswift/tools/selenium/screenshots/dashboard_check_13_August_2019_morning/bloomingdaleshome_import.png (deflated 12%)
  adding: home/intelliswift/tools/selenium/screenshots/dashboard_check_13_August_2019_morning/nordstrom_crawl.png (deflated 17%)
  adding: home/intelliswift/tools/selenium/screenshots/dashboard_check_13_August_2019_morning/revolveclothing_import.png (deflated 12%)
  adding: home/intelliswift/tools/selenium/screenshots/dashboard_check_13_August_2019_morning/yoox_crawl.png (deflated 18%)
  adding: home/intelliswift/tools/selenium/screenshots/dashboard_check_13_August_2019_morning/bloomingdaleshome_crawl.png (deflated 17%)
  adding: home/intelliswift/tools/selenium/screenshots/dashboard_check_13_August_2019_morning/macys_import.png (deflated 12%)
  adding: home/intelliswift/tools/selenium/screenshots/dashboard_check_13_August_2019_morning/nordstromrack_us_import.png (deflated 12%)
  adding: home/intelliswift/tools/selenium/screenshots/dashboard_check_13_August_2019_morning/bloomingdales_crawl.png (deflated 17%)
  adding: home/intelliswift/tools/selenium/screenshots/dashboard_check_13_August_2019_morning/nordstrom_import.png (deflated 12%)
  adding: home/intelliswift/tools/selenium/screenshots/dashboard_check_13_August_2019_morning/Ssense_crawl.png (deflated 17%)
  adding: home/intelliswift/tools/selenium/screenshots/dashboard_check_13_August_2019_morning/farfetch_import.png (deflated 12%)
  adding: home/intelliswift/tools/selenium/screenshots/dashboard_check_13_August_2019_morning/farfetch_crawl.png (deflated 16%)
  adding: home/intelliswift/tools/selenium/screenshots/dashboard_check_13_August_2019_morning/jcpenney_home_import.png (deflated 13%)
  adding: home/intelliswift/tools/selenium/screenshots/dashboard_check_13_August_2019_morning/bloomingdales_import.png (deflated 12%)
  adding: home/intelliswift/tools/selenium/screenshots/dashboard_check_13_August_2019_morning/macyshome_crawl.png (deflated 18%)
  adding: home/intelliswift/tools/selenium/screenshots/dashboard_check_13_August_2019_morning/macyshome_import.png (deflated 12%)
  adding: home/intelliswift/tools/selenium/screenshots/dashboard_check_13_August_2019_morning/macys_crawl.png (deflated 18%)
  adding: home/intelliswift/tools/selenium/screenshots/dashboard_check_13_August_2019_morning/shopbop_crawl.png (deflated 17%)
  adding: home/intelliswift/tools/selenium/screenshots/dashboard_check_13_August_2019_morning/barneys_crawl.png (deflated 17%)
  adding: home/intelliswift/tools/selenium/screenshots/dashboard_check_13_August_2019_morning/yoox_import.png (deflated 13%)
  adding: home/intelliswift/tools/selenium/screenshots/dashboard_check_13_August_2019_morning/ruelala_us_import.png (deflated 13%)
  adding: home/intelliswift/tools/selenium/screenshots/dashboard_check_13_August_2019_morning/jcpenney_home_crawl.png (deflated 18%)
  adding: home/intelliswift/tools/selenium/screenshots/dashboard_check_13_August_2019_morning/barneyswarehouse_us_crawl.png (deflated 16%)
ssh: connect to host isiplmumdt153 port 22: No route to host
lost connection
scp: :~/Desktop/p0_screenshots: No such file or directory
Error: Connection activation failed: Not authorized to control networking.
Error: 'shopstyle-vpn-v2' is not an active connection.
Error: no active connection provided.
  adding: home/intelliswift/tools/selenium/screenshots/dashboard_check_14_August_2019_morning/ (stored 0%)
  adding: home/intelliswift/tools/selenium/screenshots/dashboard_check_14_August_2019_morning/revolveclothing_crawl.png (deflated 17%)
  adding: home/intelliswift/tools/selenium/screenshots/dashboard_check_14_August_2019_morning/lordandtaylor_crawl.png (deflated 16%)
  adding: home/intelliswift/tools/selenium/screenshots/dashboard_check_14_August_2019_morning/JCPenney_import.png (deflated 12%)
  adding: home/intelliswift/tools/selenium/screenshots/dashboard_check_14_August_2019_morning/zappos_crawl.png (deflated 17%)
  adding: home/intelliswift/tools/selenium/screenshots/dashboard_check_14_August_2019_morning/shopbop_import.png (deflated 14%)
  adding: home/intelliswift/tools/selenium/screenshots/dashboard_check_14_August_2019_morning/netaporter_crawl.png (deflated 16%)
  adding: home/intelliswift/tools/selenium/screenshots/dashboard_check_14_August_2019_morning/barneys_import.png (deflated 14%)
  adding: home/intelliswift/tools/selenium/screenshots/dashboard_check_14_August_2019_morning/lordandtaylor_import.png (deflated 15%)
  adding: home/intelliswift/tools/selenium/screenshots/dashboard_check_14_August_2019_morning/Ssense_import.png (deflated 14%)
  adding: home/intelliswift/tools/selenium/screenshots/dashboard_check_14_August_2019_morning/barneyswarehouse_us_import.png (deflated 14%)
  adding: home/intelliswift/tools/selenium/screenshots/dashboard_check_14_August_2019_morning/JCPenney_crawl.png (deflated 16%)
  adding: home/intelliswift/tools/selenium/screenshots/dashboard_check_14_August_2019_morning/nordstromrack_us_crawl.png (deflated 17%)
  adding: home/intelliswift/tools/selenium/screenshots/dashboard_check_14_August_2019_morning/netaporter_import.png (deflated 13%)
  adding: home/intelliswift/tools/selenium/screenshots/dashboard_check_14_August_2019_morning/ruelala_us_crawl.png (deflated 16%)
  adding: home/intelliswift/tools/selenium/screenshots/dashboard_check_14_August_2019_morning/zappos_import.png (deflated 12%)
  adding: home/intelliswift/tools/selenium/screenshots/dashboard_check_14_August_2019_morning/bloomingdaleshome_import.png (deflated 11%)
  adding: home/intelliswift/tools/selenium/screenshots/dashboard_check_14_August_2019_morning/nordstrom_crawl.png (deflated 16%)
  adding: home/intelliswift/tools/selenium/screenshots/dashboard_check_14_August_2019_morning/revolveclothing_import.png (deflated 12%)
  adding: home/intelliswift/tools/selenium/screenshots/dashboard_check_14_August_2019_morning/yoox_crawl.png (deflated 17%)
  adding: home/intelliswift/tools/selenium/screenshots/dashboard_check_14_August_2019_morning/bloomingdaleshome_crawl.png (deflated 17%)
  adding: home/intelliswift/tools/selenium/screenshots/dashboard_check_14_August_2019_morning/macys_import.png (deflated 12%)
  adding: home/intelliswift/tools/selenium/screenshots/dashboard_check_14_August_2019_morning/nordstromrack_us_import.png (deflated 12%)
  adding: home/intelliswift/tools/selenium/screenshots/dashboard_check_14_August_2019_morning/bloomingdales_crawl.png (deflated 16%)
  adding: home/intelliswift/tools/selenium/screenshots/dashboard_check_14_August_2019_morning/nordstrom_import.png (deflated 12%)
  adding: home/intelliswift/tools/selenium/screenshots/dashboard_check_14_August_2019_morning/Ssense_crawl.png (deflated 17%)
  adding: home/intelliswift/tools/selenium/screenshots/dashboard_check_14_August_2019_morning/farfetch_import.png (deflated 12%)
  adding: home/intelliswift/tools/selenium/screenshots/dashboard_check_14_August_2019_morning/farfetch_crawl.png (deflated 16%)
  adding: home/intelliswift/tools/selenium/screenshots/dashboard_check_14_August_2019_morning/jcpenney_home_import.png (deflated 12%)
  adding: home/intelliswift/tools/selenium/screenshots/dashboard_check_14_August_2019_morning/bloomingdales_import.png (deflated 11%)
  adding: home/intelliswift/tools/selenium/screenshots/dashboard_check_14_August_2019_morning/macyshome_crawl.png (deflated 17%)
  adding: home/intelliswift/tools/selenium/screenshots/dashboard_check_14_August_2019_morning/macyshome_import.png (deflated 12%)
  adding: home/intelliswift/tools/selenium/screenshots/dashboard_check_14_August_2019_morning/macys_crawl.png (deflated 17%)
  adding: home/intelliswift/tools/selenium/screenshots/dashboard_check_14_August_2019_morning/shopbop_crawl.png (deflated 16%)
  adding: home/intelliswift/tools/selenium/screenshots/dashboard_check_14_August_2019_morning/barneys_crawl.png (deflated 17%)
  adding: home/intelliswift/tools/selenium/screenshots/dashboard_check_14_August_2019_morning/yoox_import.png (deflated 14%)
  adding: home/intelliswift/tools/selenium/screenshots/dashboard_check_14_August_2019_morning/ruelala_us_import.png (deflated 12%)
  adding: home/intelliswift/tools/selenium/screenshots/dashboard_check_14_August_2019_morning/jcpenney_home_crawl.png (deflated 16%)
  adding: home/intelliswift/tools/selenium/screenshots/dashboard_check_14_August_2019_morning/barneyswarehouse_us_crawl.png (deflated 16%)
scp: :~/Desktop/p0_screenshots: No such file or directory
