  adding: home/intelliswift/tools/selenium/screenshots/dashboard_check_05_August_2019_evening/ (stored 0%)
  adding: home/intelliswift/tools/selenium/screenshots/dashboard_check_05_August_2019_evening/macyshome_crawl.png (deflated 14%)
  adding: home/intelliswift/tools/selenium/screenshots/dashboard_check_05_August_2019_evening/macys_import.png (deflated 4%)
  adding: home/intelliswift/tools/selenium/screenshots/dashboard_check_05_August_2019_evening/ruelala_us_import.png (deflated 5%)
  adding: home/intelliswift/tools/selenium/screenshots/dashboard_check_05_August_2019_evening/JCPenney_import.png (deflated 5%)
  adding: home/intelliswift/tools/selenium/screenshots/dashboard_check_05_August_2019_evening/barneyswarehouse_us_import.png (deflated 5%)
  adding: home/intelliswift/tools/selenium/screenshots/dashboard_check_05_August_2019_evening/Ssense_crawl.png (deflated 11%)
  adding: home/intelliswift/tools/selenium/screenshots/dashboard_check_05_August_2019_evening/bloomingdaleshome_import.png (deflated 4%)
  adding: home/intelliswift/tools/selenium/screenshots/dashboard_check_05_August_2019_evening/revolveclothing_crawl.png (deflated 14%)
  adding: home/intelliswift/tools/selenium/screenshots/dashboard_check_05_August_2019_evening/bloomingdaleshome_crawl.png (deflated 15%)
  adding: home/intelliswift/tools/selenium/screenshots/dashboard_check_05_August_2019_evening/yoox_import.png (deflated 5%)
  adding: home/intelliswift/tools/selenium/screenshots/dashboard_check_05_August_2019_evening/shopbop_import.png (deflated 6%)
  adding: home/intelliswift/tools/selenium/screenshots/dashboard_check_05_August_2019_evening/zappos_crawl.png (deflated 12%)
  adding: home/intelliswift/tools/selenium/screenshots/dashboard_check_05_August_2019_evening/barneys_crawl.png (deflated 7%)
  adding: home/intelliswift/tools/selenium/screenshots/dashboard_check_05_August_2019_evening/netaporter_import.png (deflated 6%)
  adding: home/intelliswift/tools/selenium/screenshots/dashboard_check_05_August_2019_evening/zappos_import.png (deflated 5%)
  adding: home/intelliswift/tools/selenium/screenshots/dashboard_check_05_August_2019_evening/bloomingdales_import.png (deflated 4%)
  adding: home/intelliswift/tools/selenium/screenshots/dashboard_check_05_August_2019_evening/lordandtaylor_crawl.png (deflated 10%)
  adding: home/intelliswift/tools/selenium/screenshots/dashboard_check_05_August_2019_evening/barneys_import.png (deflated 6%)
  adding: home/intelliswift/tools/selenium/screenshots/dashboard_check_05_August_2019_evening/nordstrom_crawl.png (deflated 11%)
  adding: home/intelliswift/tools/selenium/screenshots/dashboard_check_05_August_2019_evening/revolveclothing_import.png (deflated 5%)
  adding: home/intelliswift/tools/selenium/screenshots/dashboard_check_05_August_2019_evening/farfetch_crawl.png (deflated 9%)
  adding: home/intelliswift/tools/selenium/screenshots/dashboard_check_05_August_2019_evening/yoox_crawl.png (deflated 14%)
  adding: home/intelliswift/tools/selenium/screenshots/dashboard_check_05_August_2019_evening/Ssense_import.png (deflated 5%)
  adding: home/intelliswift/tools/selenium/screenshots/dashboard_check_05_August_2019_evening/netaporter_crawl.png (deflated 8%)
  adding: home/intelliswift/tools/selenium/screenshots/dashboard_check_05_August_2019_evening/macys_crawl.png (deflated 15%)
  adding: home/intelliswift/tools/selenium/screenshots/dashboard_check_05_August_2019_evening/JCPenney_crawl.png (deflated 12%)
  adding: home/intelliswift/tools/selenium/screenshots/dashboard_check_05_August_2019_evening/barneyswarehouse_us_crawl.png (deflated 10%)
  adding: home/intelliswift/tools/selenium/screenshots/dashboard_check_05_August_2019_evening/nordstrom_import.png (deflated 4%)
  adding: home/intelliswift/tools/selenium/screenshots/dashboard_check_05_August_2019_evening/macyshome_import.png (deflated 4%)
  adding: home/intelliswift/tools/selenium/screenshots/dashboard_check_05_August_2019_evening/nordstromrack_us_import.png (deflated 4%)
  adding: home/intelliswift/tools/selenium/screenshots/dashboard_check_05_August_2019_evening/bloomingdales_crawl.png (deflated 12%)
  adding: home/intelliswift/tools/selenium/screenshots/dashboard_check_05_August_2019_evening/shopbop_crawl.png (deflated 10%)
  adding: home/intelliswift/tools/selenium/screenshots/dashboard_check_05_August_2019_evening/jcpenney_home_import.png (deflated 5%)
  adding: home/intelliswift/tools/selenium/screenshots/dashboard_check_05_August_2019_evening/ruelala_us_crawl.png (deflated 7%)
  adding: home/intelliswift/tools/selenium/screenshots/dashboard_check_05_August_2019_evening/nordstromrack_us_crawl.png (deflated 15%)
  adding: home/intelliswift/tools/selenium/screenshots/dashboard_check_05_August_2019_evening/jcpenney_home_crawl.png (deflated 12%)
  adding: home/intelliswift/tools/selenium/screenshots/dashboard_check_05_August_2019_evening/lordandtaylor_import.png (deflated 6%)
  adding: home/intelliswift/tools/selenium/screenshots/dashboard_check_05_August_2019_evening/farfetch_import.png (deflated 5%)
scp: :~/Desktop/p0_screenshots: No such file or directory
  adding: home/intelliswift/tools/selenium/screenshots/dashboard_check_06_August_2019_evening/ (stored 0%)
  adding: home/intelliswift/tools/selenium/screenshots/dashboard_check_06_August_2019_evening/macyshome_crawl.png (deflated 12%)
  adding: home/intelliswift/tools/selenium/screenshots/dashboard_check_06_August_2019_evening/macys_import.png (deflated 4%)
  adding: home/intelliswift/tools/selenium/screenshots/dashboard_check_06_August_2019_evening/ruelala_us_import.png (deflated 6%)
  adding: home/intelliswift/tools/selenium/screenshots/dashboard_check_06_August_2019_evening/JCPenney_import.png (deflated 4%)
  adding: home/intelliswift/tools/selenium/screenshots/dashboard_check_06_August_2019_evening/barneyswarehouse_us_import.png (deflated 5%)
  adding: home/intelliswift/tools/selenium/screenshots/dashboard_check_06_August_2019_evening/Ssense_crawl.png (deflated 10%)
  adding: home/intelliswift/tools/selenium/screenshots/dashboard_check_06_August_2019_evening/bloomingdaleshome_import.png (deflated 4%)
  adding: home/intelliswift/tools/selenium/screenshots/dashboard_check_06_August_2019_evening/revolveclothing_crawl.png (deflated 11%)
  adding: home/intelliswift/tools/selenium/screenshots/dashboard_check_06_August_2019_evening/bloomingdaleshome_crawl.png (deflated 12%)
  adding: home/intelliswift/tools/selenium/screenshots/dashboard_check_06_August_2019_evening/yoox_import.png (deflated 5%)
  adding: home/intelliswift/tools/selenium/screenshots/dashboard_check_06_August_2019_evening/shopbop_import.png (deflated 5%)
  adding: home/intelliswift/tools/selenium/screenshots/dashboard_check_06_August_2019_evening/zappos_crawl.png (deflated 11%)
  adding: home/intelliswift/tools/selenium/screenshots/dashboard_check_06_August_2019_evening/barneys_crawl.png (deflated 6%)
  adding: home/intelliswift/tools/selenium/screenshots/dashboard_check_06_August_2019_evening/netaporter_import.png (deflated 7%)
  adding: home/intelliswift/tools/selenium/screenshots/dashboard_check_06_August_2019_evening/zappos_import.png (deflated 4%)
  adding: home/intelliswift/tools/selenium/screenshots/dashboard_check_06_August_2019_evening/bloomingdales_import.png (deflated 4%)
  adding: home/intelliswift/tools/selenium/screenshots/dashboard_check_06_August_2019_evening/lordandtaylor_crawl.png (deflated 8%)
  adding: home/intelliswift/tools/selenium/screenshots/dashboard_check_06_August_2019_evening/barneys_import.png (deflated 6%)
  adding: home/intelliswift/tools/selenium/screenshots/dashboard_check_06_August_2019_evening/nordstrom_crawl.png (deflated 9%)
  adding: home/intelliswift/tools/selenium/screenshots/dashboard_check_06_August_2019_evening/revolveclothing_import.png (deflated 4%)
  adding: home/intelliswift/tools/selenium/screenshots/dashboard_check_06_August_2019_evening/farfetch_crawl.png (deflated 7%)
  adding: home/intelliswift/tools/selenium/screenshots/dashboard_check_06_August_2019_evening/yoox_crawl.png (deflated 12%)
  adding: home/intelliswift/tools/selenium/screenshots/dashboard_check_06_August_2019_evening/Ssense_import.png (deflated 6%)
  adding: home/intelliswift/tools/selenium/screenshots/dashboard_check_06_August_2019_evening/netaporter_crawl.png (deflated 6%)
  adding: home/intelliswift/tools/selenium/screenshots/dashboard_check_06_August_2019_evening/macys_crawl.png (deflated 12%)
  adding: home/intelliswift/tools/selenium/screenshots/dashboard_check_06_August_2019_evening/JCPenney_crawl.png (deflated 10%)
  adding: home/intelliswift/tools/selenium/screenshots/dashboard_check_06_August_2019_evening/barneyswarehouse_us_crawl.png (deflated 9%)
  adding: home/intelliswift/tools/selenium/screenshots/dashboard_check_06_August_2019_evening/nordstrom_import.png (deflated 5%)
  adding: home/intelliswift/tools/selenium/screenshots/dashboard_check_06_August_2019_evening/macyshome_import.png (deflated 4%)
  adding: home/intelliswift/tools/selenium/screenshots/dashboard_check_06_August_2019_evening/nordstromrack_us_import.png (deflated 4%)
  adding: home/intelliswift/tools/selenium/screenshots/dashboard_check_06_August_2019_evening/bloomingdales_crawl.png (deflated 10%)
  adding: home/intelliswift/tools/selenium/screenshots/dashboard_check_06_August_2019_evening/shopbop_crawl.png (deflated 8%)
  adding: home/intelliswift/tools/selenium/screenshots/dashboard_check_06_August_2019_evening/jcpenney_home_import.png (deflated 5%)
  adding: home/intelliswift/tools/selenium/screenshots/dashboard_check_06_August_2019_evening/ruelala_us_crawl.png (deflated 6%)
  adding: home/intelliswift/tools/selenium/screenshots/dashboard_check_06_August_2019_evening/nordstromrack_us_crawl.png (deflated 12%)
  adding: home/intelliswift/tools/selenium/screenshots/dashboard_check_06_August_2019_evening/jcpenney_home_crawl.png (deflated 11%)
  adding: home/intelliswift/tools/selenium/screenshots/dashboard_check_06_August_2019_evening/lordandtaylor_import.png (deflated 6%)
  adding: home/intelliswift/tools/selenium/screenshots/dashboard_check_06_August_2019_evening/farfetch_import.png (deflated 5%)
scp: :~/Desktop/p0_screenshots: No such file or directory
  adding: home/intelliswift/tools/selenium/screenshots/dashboard_check_07_August_2019_evening/ (stored 0%)
  adding: home/intelliswift/tools/selenium/screenshots/dashboard_check_07_August_2019_evening/macyshome_crawl.png (deflated 10%)
  adding: home/intelliswift/tools/selenium/screenshots/dashboard_check_07_August_2019_evening/macys_import.png (deflated 4%)
  adding: home/intelliswift/tools/selenium/screenshots/dashboard_check_07_August_2019_evening/ruelala_us_import.png (deflated 5%)
  adding: home/intelliswift/tools/selenium/screenshots/dashboard_check_07_August_2019_evening/JCPenney_import.png (deflated 5%)
  adding: home/intelliswift/tools/selenium/screenshots/dashboard_check_07_August_2019_evening/barneyswarehouse_us_import.png (deflated 5%)
  adding: home/intelliswift/tools/selenium/screenshots/dashboard_check_07_August_2019_evening/Ssense_crawl.png (deflated 8%)
  adding: home/intelliswift/tools/selenium/screenshots/dashboard_check_07_August_2019_evening/bloomingdaleshome_import.png (deflated 4%)
  adding: home/intelliswift/tools/selenium/screenshots/dashboard_check_07_August_2019_evening/revolveclothing_crawl.png (deflated 10%)
  adding: home/intelliswift/tools/selenium/screenshots/dashboard_check_07_August_2019_evening/bloomingdaleshome_crawl.png (deflated 10%)
  adding: home/intelliswift/tools/selenium/screenshots/dashboard_check_07_August_2019_evening/yoox_import.png (deflated 5%)
  adding: home/intelliswift/tools/selenium/screenshots/dashboard_check_07_August_2019_evening/shopbop_import.png (deflated 6%)
  adding: home/intelliswift/tools/selenium/screenshots/dashboard_check_07_August_2019_evening/zappos_crawl.png (deflated 9%)
  adding: home/intelliswift/tools/selenium/screenshots/dashboard_check_07_August_2019_evening/barneys_crawl.png (deflated 6%)
  adding: home/intelliswift/tools/selenium/screenshots/dashboard_check_07_August_2019_evening/netaporter_import.png (deflated 6%)
  adding: home/intelliswift/tools/selenium/screenshots/dashboard_check_07_August_2019_evening/zappos_import.png (deflated 4%)
  adding: home/intelliswift/tools/selenium/screenshots/dashboard_check_07_August_2019_evening/bloomingdales_import.png (deflated 4%)
  adding: home/intelliswift/tools/selenium/screenshots/dashboard_check_07_August_2019_evening/lordandtaylor_crawl.png (deflated 7%)
  adding: home/intelliswift/tools/selenium/screenshots/dashboard_check_07_August_2019_evening/barneys_import.png (deflated 5%)
  adding: home/intelliswift/tools/selenium/screenshots/dashboard_check_07_August_2019_evening/nordstrom_crawl.png (deflated 8%)
  adding: home/intelliswift/tools/selenium/screenshots/dashboard_check_07_August_2019_evening/revolveclothing_import.png (deflated 4%)
  adding: home/intelliswift/tools/selenium/screenshots/dashboard_check_07_August_2019_evening/farfetch_crawl.png (deflated 6%)
  adding: home/intelliswift/tools/selenium/screenshots/dashboard_check_07_August_2019_evening/yoox_crawl.png (deflated 10%)
  adding: home/intelliswift/tools/selenium/screenshots/dashboard_check_07_August_2019_evening/Ssense_import.png (deflated 6%)
  adding: home/intelliswift/tools/selenium/screenshots/dashboard_check_07_August_2019_evening/netaporter_crawl.png (deflated 6%)
  adding: home/intelliswift/tools/selenium/screenshots/dashboard_check_07_August_2019_evening/macys_crawl.png (deflated 10%)
  adding: home/intelliswift/tools/selenium/screenshots/dashboard_check_07_August_2019_evening/JCPenney_crawl.png (deflated 9%)
  adding: home/intelliswift/tools/selenium/screenshots/dashboard_check_07_August_2019_evening/barneyswarehouse_us_crawl.png (deflated 7%)
  adding: home/intelliswift/tools/selenium/screenshots/dashboard_check_07_August_2019_evening/nordstrom_import.png (deflated 5%)
  adding: home/intelliswift/tools/selenium/screenshots/dashboard_check_07_August_2019_evening/macyshome_import.png (deflated 4%)
  adding: home/intelliswift/tools/selenium/screenshots/dashboard_check_07_August_2019_evening/nordstromrack_us_import.png (deflated 4%)
  adding: home/intelliswift/tools/selenium/screenshots/dashboard_check_07_August_2019_evening/bloomingdales_crawl.png (deflated 9%)
  adding: home/intelliswift/tools/selenium/screenshots/dashboard_check_07_August_2019_evening/shopbop_crawl.png (deflated 7%)
  adding: home/intelliswift/tools/selenium/screenshots/dashboard_check_07_August_2019_evening/jcpenney_home_import.png (deflated 5%)
  adding: home/intelliswift/tools/selenium/screenshots/dashboard_check_07_August_2019_evening/ruelala_us_crawl.png (deflated 5%)
  adding: home/intelliswift/tools/selenium/screenshots/dashboard_check_07_August_2019_evening/nordstromrack_us_crawl.png (deflated 11%)
  adding: home/intelliswift/tools/selenium/screenshots/dashboard_check_07_August_2019_evening/jcpenney_home_crawl.png (deflated 8%)
  adding: home/intelliswift/tools/selenium/screenshots/dashboard_check_07_August_2019_evening/lordandtaylor_import.png (deflated 6%)
  adding: home/intelliswift/tools/selenium/screenshots/dashboard_check_07_August_2019_evening/farfetch_import.png (deflated 5%)
scp: :~/Desktop/p0_screenshots: No such file or directory
  adding: home/intelliswift/tools/selenium/screenshots/dashboard_check_08_August_2019_evening/ (stored 0%)
  adding: home/intelliswift/tools/selenium/screenshots/dashboard_check_08_August_2019_evening/macyshome_crawl.png (deflated 10%)
  adding: home/intelliswift/tools/selenium/screenshots/dashboard_check_08_August_2019_evening/macys_import.png (deflated 4%)
  adding: home/intelliswift/tools/selenium/screenshots/dashboard_check_08_August_2019_evening/ruelala_us_import.png (deflated 5%)
  adding: home/intelliswift/tools/selenium/screenshots/dashboard_check_08_August_2019_evening/JCPenney_import.png (deflated 5%)
  adding: home/intelliswift/tools/selenium/screenshots/dashboard_check_08_August_2019_evening/barneyswarehouse_us_import.png (deflated 5%)
  adding: home/intelliswift/tools/selenium/screenshots/dashboard_check_08_August_2019_evening/Ssense_crawl.png (deflated 7%)
  adding: home/intelliswift/tools/selenium/screenshots/dashboard_check_08_August_2019_evening/bloomingdaleshome_import.png (deflated 4%)
  adding: home/intelliswift/tools/selenium/screenshots/dashboard_check_08_August_2019_evening/revolveclothing_crawl.png (deflated 10%)
  adding: home/intelliswift/tools/selenium/screenshots/dashboard_check_08_August_2019_evening/bloomingdaleshome_crawl.png (deflated 9%)
  adding: home/intelliswift/tools/selenium/screenshots/dashboard_check_08_August_2019_evening/yoox_import.png (deflated 5%)
  adding: home/intelliswift/tools/selenium/screenshots/dashboard_check_08_August_2019_evening/shopbop_import.png (deflated 5%)
  adding: home/intelliswift/tools/selenium/screenshots/dashboard_check_08_August_2019_evening/zappos_crawl.png (deflated 9%)
  adding: home/intelliswift/tools/selenium/screenshots/dashboard_check_08_August_2019_evening/barneys_crawl.png (deflated 5%)
  adding: home/intelliswift/tools/selenium/screenshots/dashboard_check_08_August_2019_evening/netaporter_import.png (deflated 6%)
  adding: home/intelliswift/tools/selenium/screenshots/dashboard_check_08_August_2019_evening/zappos_import.png (deflated 5%)
  adding: home/intelliswift/tools/selenium/screenshots/dashboard_check_08_August_2019_evening/bloomingdales_import.png (deflated 4%)
  adding: home/intelliswift/tools/selenium/screenshots/dashboard_check_08_August_2019_evening/lordandtaylor_crawl.png (deflated 6%)
  adding: home/intelliswift/tools/selenium/screenshots/dashboard_check_08_August_2019_evening/barneys_import.png (deflated 5%)
  adding: home/intelliswift/tools/selenium/screenshots/dashboard_check_08_August_2019_evening/nordstrom_crawl.png (deflated 7%)
  adding: home/intelliswift/tools/selenium/screenshots/dashboard_check_08_August_2019_evening/revolveclothing_import.png (deflated 4%)
  adding: home/intelliswift/tools/selenium/screenshots/dashboard_check_08_August_2019_evening/farfetch_crawl.png (deflated 6%)
  adding: home/intelliswift/tools/selenium/screenshots/dashboard_check_08_August_2019_evening/yoox_crawl.png (deflated 10%)
  adding: home/intelliswift/tools/selenium/screenshots/dashboard_check_08_August_2019_evening/Ssense_import.png (deflated 6%)
  adding: home/intelliswift/tools/selenium/screenshots/dashboard_check_08_August_2019_evening/netaporter_crawl.png (deflated 6%)
  adding: home/intelliswift/tools/selenium/screenshots/dashboard_check_08_August_2019_evening/macys_crawl.png (deflated 10%)
  adding: home/intelliswift/tools/selenium/screenshots/dashboard_check_08_August_2019_evening/JCPenney_crawl.png (deflated 7%)
  adding: home/intelliswift/tools/selenium/screenshots/dashboard_check_08_August_2019_evening/barneyswarehouse_us_crawl.png (deflated 6%)
  adding: home/intelliswift/tools/selenium/screenshots/dashboard_check_08_August_2019_evening/nordstrom_import.png (deflated 4%)
  adding: home/intelliswift/tools/selenium/screenshots/dashboard_check_08_August_2019_evening/macyshome_import.png (deflated 4%)
  adding: home/intelliswift/tools/selenium/screenshots/dashboard_check_08_August_2019_evening/nordstromrack_us_import.png (deflated 5%)
  adding: home/intelliswift/tools/selenium/screenshots/dashboard_check_08_August_2019_evening/bloomingdales_crawl.png (deflated 8%)
  adding: home/intelliswift/tools/selenium/screenshots/dashboard_check_08_August_2019_evening/shopbop_crawl.png (deflated 6%)
  adding: home/intelliswift/tools/selenium/screenshots/dashboard_check_08_August_2019_evening/jcpenney_home_import.png (deflated 5%)
  adding: home/intelliswift/tools/selenium/screenshots/dashboard_check_08_August_2019_evening/ruelala_us_crawl.png (deflated 6%)
  adding: home/intelliswift/tools/selenium/screenshots/dashboard_check_08_August_2019_evening/nordstromrack_us_crawl.png (deflated 11%)
  adding: home/intelliswift/tools/selenium/screenshots/dashboard_check_08_August_2019_evening/jcpenney_home_crawl.png (deflated 8%)
  adding: home/intelliswift/tools/selenium/screenshots/dashboard_check_08_August_2019_evening/lordandtaylor_import.png (deflated 6%)
  adding: home/intelliswift/tools/selenium/screenshots/dashboard_check_08_August_2019_evening/farfetch_import.png (deflated 5%)
scp: :~/Desktop/p0_screenshots: No such file or directory
  adding: home/intelliswift/tools/selenium/screenshots/dashboard_check_09_August_2019_evening/ (stored 0%)
  adding: home/intelliswift/tools/selenium/screenshots/dashboard_check_09_August_2019_evening/macyshome_crawl.png (deflated 9%)
  adding: home/intelliswift/tools/selenium/screenshots/dashboard_check_09_August_2019_evening/macys_import.png (deflated 4%)
  adding: home/intelliswift/tools/selenium/screenshots/dashboard_check_09_August_2019_evening/ruelala_us_import.png (deflated 5%)
  adding: home/intelliswift/tools/selenium/screenshots/dashboard_check_09_August_2019_evening/JCPenney_import.png (deflated 5%)
  adding: home/intelliswift/tools/selenium/screenshots/dashboard_check_09_August_2019_evening/barneyswarehouse_us_import.png (deflated 6%)
  adding: home/intelliswift/tools/selenium/screenshots/dashboard_check_09_August_2019_evening/Ssense_crawl.png (deflated 7%)
  adding: home/intelliswift/tools/selenium/screenshots/dashboard_check_09_August_2019_evening/bloomingdaleshome_import.png (deflated 4%)
  adding: home/intelliswift/tools/selenium/screenshots/dashboard_check_09_August_2019_evening/revolveclothing_crawl.png (deflated 9%)
  adding: home/intelliswift/tools/selenium/screenshots/dashboard_check_09_August_2019_evening/bloomingdaleshome_crawl.png (deflated 9%)
  adding: home/intelliswift/tools/selenium/screenshots/dashboard_check_09_August_2019_evening/yoox_import.png (deflated 5%)
  adding: home/intelliswift/tools/selenium/screenshots/dashboard_check_09_August_2019_evening/shopbop_import.png (deflated 5%)
  adding: home/intelliswift/tools/selenium/screenshots/dashboard_check_09_August_2019_evening/zappos_crawl.png (deflated 8%)
  adding: home/intelliswift/tools/selenium/screenshots/dashboard_check_09_August_2019_evening/barneys_crawl.png (deflated 6%)
  adding: home/intelliswift/tools/selenium/screenshots/dashboard_check_09_August_2019_evening/netaporter_import.png (deflated 5%)
  adding: home/intelliswift/tools/selenium/screenshots/dashboard_check_09_August_2019_evening/zappos_import.png (deflated 4%)
  adding: home/intelliswift/tools/selenium/screenshots/dashboard_check_09_August_2019_evening/bloomingdales_import.png (deflated 4%)
  adding: home/intelliswift/tools/selenium/screenshots/dashboard_check_09_August_2019_evening/lordandtaylor_crawl.png (deflated 6%)
  adding: home/intelliswift/tools/selenium/screenshots/dashboard_check_09_August_2019_evening/barneys_import.png (deflated 6%)
  adding: home/intelliswift/tools/selenium/screenshots/dashboard_check_09_August_2019_evening/nordstrom_crawl.png (deflated 7%)
  adding: home/intelliswift/tools/selenium/screenshots/dashboard_check_09_August_2019_evening/revolveclothing_import.png (deflated 4%)
  adding: home/intelliswift/tools/selenium/screenshots/dashboard_check_09_August_2019_evening/farfetch_crawl.png (deflated 7%)
  adding: home/intelliswift/tools/selenium/screenshots/dashboard_check_09_August_2019_evening/yoox_crawl.png (deflated 9%)
  adding: home/intelliswift/tools/selenium/screenshots/dashboard_check_09_August_2019_evening/Ssense_import.png (deflated 6%)
  adding: home/intelliswift/tools/selenium/screenshots/dashboard_check_09_August_2019_evening/netaporter_crawl.png (deflated 6%)
  adding: home/intelliswift/tools/selenium/screenshots/dashboard_check_09_August_2019_evening/macys_crawl.png (deflated 9%)
  adding: home/intelliswift/tools/selenium/screenshots/dashboard_check_09_August_2019_evening/JCPenney_crawl.png (deflated 7%)
  adding: home/intelliswift/tools/selenium/screenshots/dashboard_check_09_August_2019_evening/barneyswarehouse_us_crawl.png (deflated 6%)
  adding: home/intelliswift/tools/selenium/screenshots/dashboard_check_09_August_2019_evening/nordstrom_import.png (deflated 4%)
  adding: home/intelliswift/tools/selenium/screenshots/dashboard_check_09_August_2019_evening/macyshome_import.png (deflated 5%)
  adding: home/intelliswift/tools/selenium/screenshots/dashboard_check_09_August_2019_evening/nordstromrack_us_import.png (deflated 5%)
  adding: home/intelliswift/tools/selenium/screenshots/dashboard_check_09_August_2019_evening/bloomingdales_crawl.png (deflated 7%)
  adding: home/intelliswift/tools/selenium/screenshots/dashboard_check_09_August_2019_evening/shopbop_crawl.png (deflated 5%)
  adding: home/intelliswift/tools/selenium/screenshots/dashboard_check_09_August_2019_evening/jcpenney_home_import.png (deflated 5%)
  adding: home/intelliswift/tools/selenium/screenshots/dashboard_check_09_August_2019_evening/ruelala_us_crawl.png (deflated 6%)
  adding: home/intelliswift/tools/selenium/screenshots/dashboard_check_09_August_2019_evening/nordstromrack_us_crawl.png (deflated 9%)
  adding: home/intelliswift/tools/selenium/screenshots/dashboard_check_09_August_2019_evening/jcpenney_home_crawl.png (deflated 7%)
  adding: home/intelliswift/tools/selenium/screenshots/dashboard_check_09_August_2019_evening/lordandtaylor_import.png (deflated 6%)
  adding: home/intelliswift/tools/selenium/screenshots/dashboard_check_09_August_2019_evening/farfetch_import.png (deflated 5%)
Error: Connection activation failed: Connection 'shopstyle-vpn-v2' is already active
Traceback (most recent call last):
  File "/home/intelliswift/tools/selenium/dcheck.py", line 89, in <module>
    button_wait('//*[@id="Form"]/input[2]')#clicks on search button
  File "/home/intelliswift/tools/selenium/dcheck.py", line 48, in button_wait
    e = WebDriverWait(driver, 20).until(ec.visibility_of_element_located((By.XPATH, xpath)))
  File "/usr/local/lib/python3.6/site-packages/selenium/webdriver/support/wait.py", line 71, in until
    value = method(self._driver)
  File "/usr/local/lib/python3.6/site-packages/selenium/webdriver/support/expected_conditions.py", line 128, in __call__
    return _element_if_visible(_find_element(driver, self.locator))
  File "/usr/local/lib/python3.6/site-packages/selenium/webdriver/support/expected_conditions.py", line 415, in _find_element
    raise e
  File "/usr/local/lib/python3.6/site-packages/selenium/webdriver/support/expected_conditions.py", line 411, in _find_element
    return driver.find_element(*by)
  File "/usr/local/lib/python3.6/site-packages/selenium/webdriver/remote/webdriver.py", line 978, in find_element
    'value': value})['value']
  File "/usr/local/lib/python3.6/site-packages/selenium/webdriver/remote/webdriver.py", line 321, in execute
    self.error_handler.check_response(response)
  File "/usr/local/lib/python3.6/site-packages/selenium/webdriver/remote/errorhandler.py", line 242, in check_response
    raise exception_class(message, screen, stacktrace)
selenium.common.exceptions.NoSuchWindowException: Message: no such window: target window already closed
from unknown error: web view not found
  (Session info: chrome=76.0.3809.100)

Error: Connection activation failed: Not authorized to control networking.
Error: 'shopstyle-vpn-v2' is not an active connection.
Error: no active connection provided.
  adding: home/intelliswift/tools/selenium/screenshots/dashboard_check_13_August_2019_evening/ (stored 0%)
  adding: home/intelliswift/tools/selenium/screenshots/dashboard_check_13_August_2019_evening/revolveclothing_crawl.png (deflated 17%)
  adding: home/intelliswift/tools/selenium/screenshots/dashboard_check_13_August_2019_evening/lordandtaylor_crawl.png (deflated 16%)
  adding: home/intelliswift/tools/selenium/screenshots/dashboard_check_13_August_2019_evening/JCPenney_import.png (deflated 13%)
  adding: home/intelliswift/tools/selenium/screenshots/dashboard_check_13_August_2019_evening/zappos_crawl.png (deflated 17%)
  adding: home/intelliswift/tools/selenium/screenshots/dashboard_check_13_August_2019_evening/shopbop_import.png (deflated 13%)
  adding: home/intelliswift/tools/selenium/screenshots/dashboard_check_13_August_2019_evening/netaporter_crawl.png (deflated 16%)
  adding: home/intelliswift/tools/selenium/screenshots/dashboard_check_13_August_2019_evening/barneys_import.png (deflated 14%)
  adding: home/intelliswift/tools/selenium/screenshots/dashboard_check_13_August_2019_evening/lordandtaylor_import.png (deflated 15%)
  adding: home/intelliswift/tools/selenium/screenshots/dashboard_check_13_August_2019_evening/Ssense_import.png (deflated 14%)
  adding: home/intelliswift/tools/selenium/screenshots/dashboard_check_13_August_2019_evening/barneyswarehouse_us_import.png (deflated 15%)
  adding: home/intelliswift/tools/selenium/screenshots/dashboard_check_13_August_2019_evening/JCPenney_crawl.png (deflated 17%)
  adding: home/intelliswift/tools/selenium/screenshots/dashboard_check_13_August_2019_evening/nordstromrack_us_crawl.png (deflated 17%)
  adding: home/intelliswift/tools/selenium/screenshots/dashboard_check_13_August_2019_evening/netaporter_import.png (deflated 13%)
  adding: home/intelliswift/tools/selenium/screenshots/dashboard_check_13_August_2019_evening/ruelala_us_crawl.png (deflated 16%)
  adding: home/intelliswift/tools/selenium/screenshots/dashboard_check_13_August_2019_evening/zappos_import.png (deflated 12%)
  adding: home/intelliswift/tools/selenium/screenshots/dashboard_check_13_August_2019_evening/bloomingdaleshome_import.png (deflated 12%)
  adding: home/intelliswift/tools/selenium/screenshots/dashboard_check_13_August_2019_evening/nordstrom_crawl.png (deflated 17%)
  adding: home/intelliswift/tools/selenium/screenshots/dashboard_check_13_August_2019_evening/revolveclothing_import.png (deflated 12%)
  adding: home/intelliswift/tools/selenium/screenshots/dashboard_check_13_August_2019_evening/yoox_crawl.png (deflated 18%)
  adding: home/intelliswift/tools/selenium/screenshots/dashboard_check_13_August_2019_evening/bloomingdaleshome_crawl.png (deflated 17%)
  adding: home/intelliswift/tools/selenium/screenshots/dashboard_check_13_August_2019_evening/macys_import.png (deflated 12%)
  adding: home/intelliswift/tools/selenium/screenshots/dashboard_check_13_August_2019_evening/nordstromrack_us_import.png (deflated 12%)
  adding: home/intelliswift/tools/selenium/screenshots/dashboard_check_13_August_2019_evening/bloomingdales_crawl.png (deflated 17%)
  adding: home/intelliswift/tools/selenium/screenshots/dashboard_check_13_August_2019_evening/nordstrom_import.png (deflated 12%)
  adding: home/intelliswift/tools/selenium/screenshots/dashboard_check_13_August_2019_evening/Ssense_crawl.png (deflated 17%)
  adding: home/intelliswift/tools/selenium/screenshots/dashboard_check_13_August_2019_evening/farfetch_import.png (deflated 12%)
  adding: home/intelliswift/tools/selenium/screenshots/dashboard_check_13_August_2019_evening/farfetch_crawl.png (deflated 16%)
  adding: home/intelliswift/tools/selenium/screenshots/dashboard_check_13_August_2019_evening/jcpenney_home_import.png (deflated 12%)
  adding: home/intelliswift/tools/selenium/screenshots/dashboard_check_13_August_2019_evening/bloomingdales_import.png (deflated 11%)
  adding: home/intelliswift/tools/selenium/screenshots/dashboard_check_13_August_2019_evening/macyshome_crawl.png (deflated 18%)
  adding: home/intelliswift/tools/selenium/screenshots/dashboard_check_13_August_2019_evening/macyshome_import.png (deflated 12%)
  adding: home/intelliswift/tools/selenium/screenshots/dashboard_check_13_August_2019_evening/macys_crawl.png (deflated 18%)
  adding: home/intelliswift/tools/selenium/screenshots/dashboard_check_13_August_2019_evening/shopbop_crawl.png (deflated 16%)
  adding: home/intelliswift/tools/selenium/screenshots/dashboard_check_13_August_2019_evening/barneys_crawl.png (deflated 17%)
  adding: home/intelliswift/tools/selenium/screenshots/dashboard_check_13_August_2019_evening/yoox_import.png (deflated 13%)
  adding: home/intelliswift/tools/selenium/screenshots/dashboard_check_13_August_2019_evening/ruelala_us_import.png (deflated 13%)
  adding: home/intelliswift/tools/selenium/screenshots/dashboard_check_13_August_2019_evening/jcpenney_home_crawl.png (deflated 18%)
  adding: home/intelliswift/tools/selenium/screenshots/dashboard_check_13_August_2019_evening/barneyswarehouse_us_crawl.png (deflated 16%)
scp: :~/Desktop/p0_screenshots: No such file or directory
